[2025-04-11 11:57:25.397]  INFO 23764 --- [   File Watcher] rtingClassPathChangeChangedEventListener : Restarting due to 1 class path change (0 additions, 0 deletions, 1 modification)
[2025-04-11 11:57:25.400]  INFO 23764 --- [     Thread-251] o.s.b.w.e.t.GracefulShutdown             : Commencing graceful shutdown. Waiting for active requests to complete
[2025-04-11 11:57:25.401]  INFO 23764 --- [tomcat-shutdown] o.a.c.h.Http11NioProtocol                : Pausing ProtocolHandler ["http-nio-80"]
[2025-04-11 11:57:26.097]  INFO 23764 --- [tomcat-shutdown] o.s.b.w.e.t.GracefulShutdown             : Graceful shutdown complete
[2025-04-11 11:57:26.098]  INFO 23764 --- [     Thread-251] o.a.c.h.Http11NioProtocol                : Stopping ProtocolHandler ["http-nio-80"]
[2025-04-11 11:57:26.107]  INFO 23764 --- [     Thread-251] j.LocalContainerEntityManagerFactoryBean : Closing JPA EntityManagerFactory for persistence unit 'default'
[2025-04-11 11:57:26.107]  INFO 23764 --- [     Thread-251] c.z.h.HikariDataSource                   : HikariPool-67 - Shutdown initiated...
[2025-04-11 11:57:26.117]  INFO 23764 --- [     Thread-251] c.z.h.HikariDataSource                   : HikariPool-67 - Shutdown completed.
[2025-04-11 11:57:26.194]  INFO 23764 --- [  restartedMain] k.c.g.ReBoardApplication                 : Starting ReBoardApplication using Java 17.0.12 with PID 23764 (C:\Users\bongo\git\ReBoard\ReBorad\bin\main started by bongo in C:\Users\bongo\git\ReBoard\ReBorad)
[2025-04-11 11:57:26.195]  INFO 23764 --- [  restartedMain] k.c.g.ReBoardApplication                 : No active profile set, falling back to 1 default profile: "default"
[2025-04-11 11:57:26.328]  INFO 23764 --- [  restartedMain] .s.d.r.c.RepositoryConfigurationDelegate : Bootstrapping Spring Data JPA repositories in DEFAULT mode.
[2025-04-11 11:57:26.348]  INFO 23764 --- [  restartedMain] .s.d.r.c.RepositoryConfigurationDelegate : Finished Spring Data repository scanning in 18 ms. Found 1 JPA repository interface.
[2025-04-11 11:57:26.411]  INFO 23764 --- [  restartedMain] o.s.b.w.e.t.TomcatWebServer              : Tomcat initialized with port 80 (http)
[2025-04-11 11:57:26.412]  INFO 23764 --- [  restartedMain] o.a.c.h.Http11NioProtocol                : Initializing ProtocolHandler ["http-nio-80"]
[2025-04-11 11:57:26.412]  INFO 23764 --- [  restartedMain] o.a.c.c.StandardService                  : Starting service [Tomcat]
[2025-04-11 11:57:26.412]  INFO 23764 --- [  restartedMain] o.a.c.c.StandardEngine                   : Starting Servlet engine: [Apache Tomcat/10.1.34]
[2025-04-11 11:57:26.429]  INFO 23764 --- [  restartedMain] o.a.c.c.C.[.[.[/]                        : Initializing Spring embedded WebApplicationContext
[2025-04-11 11:57:26.429]  INFO 23764 --- [  restartedMain] w.s.c.ServletWebServerApplicationContext : Root WebApplicationContext: initialization completed in 234 ms
[2025-04-11 11:57:26.452]  INFO 23764 --- [  restartedMain] o.h.j.i.u.LogHelper                      : HHH000204: Processing PersistenceUnitInfo [name: default]
[2025-04-11 11:57:26.454]  INFO 23764 --- [  restartedMain] o.h.c.i.RegionFactoryInitiator           : HHH000026: Second-level cache disabled
[2025-04-11 11:57:26.459]  INFO 23764 --- [  restartedMain] o.s.o.j.p.SpringPersistenceUnitInfo      : No LoadTimeWeaver setup: ignoring JPA class transformer
[2025-04-11 11:57:26.459]  INFO 23764 --- [  restartedMain] c.z.h.HikariDataSource                   : HikariPool-68 - Starting...
[2025-04-11 11:57:26.459]  WARN 23764 --- [  restartedMain] c.z.h.u.DriverDataSource                 : Registered driver with driverClassName=oracle.jdbc.driver.OracleDriver was not found, trying direct instantiation.
[2025-04-11 11:57:26.546]  INFO 23764 --- [  restartedMain] c.z.h.p.HikariPool                       : HikariPool-68 - Added connection oracle.jdbc.driver.T4CConnection@44829bb0
[2025-04-11 11:57:26.547]  INFO 23764 --- [  restartedMain] c.z.h.HikariDataSource                   : HikariPool-68 - Start completed.
[2025-04-11 11:57:26.550]  INFO 23764 --- [  restartedMain] o.h.o.c.pooling                          : HHH10001005: Database info:
	Database JDBC URL [Connecting through datasource 'HikariDataSource (HikariPool-68)']
	Database driver: undefined/unknown
	Database version: 21.3
	Autocommit mode: undefined/unknown
	Isolation level: undefined/unknown
	Minimum pool size: undefined/unknown
	Maximum pool size: undefined/unknown
[2025-04-11 11:57:26.573]  INFO 23764 --- [  restartedMain] o.h.e.t.j.p.i.JtaPlatformInitiator       : HHH000489: No JTA platform available (set 'hibernate.transaction.jta.platform' to enable JTA platform integration)
[2025-04-11 11:57:26.573]  INFO 23764 --- [  restartedMain] j.LocalContainerEntityManagerFactoryBean : Initialized JPA EntityManagerFactory for persistence unit 'default'
[2025-04-11 11:57:26.590]  WARN 23764 --- [  restartedMain] ConfigServletWebServerApplicationContext : Exception encountered during context initialization - cancelling refresh attempt: org.springframework.beans.factory.UnsatisfiedDependencyException: Error creating bean with name 'freeBoardController' defined in file [C:\Users\bongo\git\ReBoard\ReBorad\bin\main\kr\co\green\board\controller\FreeBoardController.class]: Unsatisfied dependency expressed through constructor parameter 0: Error creating bean with name 'freeBoardServiceImpl' defined in file [C:\Users\bongo\git\ReBoard\ReBorad\bin\main\kr\co\green\board\model\service\FreeBoardServiceImpl.class]: Unsatisfied dependency expressed through constructor parameter 2: No qualifying bean of type 'kr.co.green.board.model.mapper.BoardRepository' available: expected at least 1 bean which qualifies as autowire candidate. Dependency annotations: {}
[2025-04-11 11:57:26.590]  INFO 23764 --- [  restartedMain] j.LocalContainerEntityManagerFactoryBean : Closing JPA EntityManagerFactory for persistence unit 'default'
[2025-04-11 11:57:26.590]  INFO 23764 --- [  restartedMain] c.z.h.HikariDataSource                   : HikariPool-68 - Shutdown initiated...
[2025-04-11 11:57:26.591]  INFO 23764 --- [  restartedMain] c.z.h.HikariDataSource                   : HikariPool-68 - Shutdown completed.
[2025-04-11 11:57:26.591]  INFO 23764 --- [  restartedMain] o.a.c.c.StandardService                  : Stopping service [Tomcat]
[2025-04-11 11:57:26.595]  INFO 23764 --- [  restartedMain] .s.b.a.l.ConditionEvaluationReportLogger : 

Error starting ApplicationContext. To display the condition evaluation report re-run your application with 'debug' enabled.
[2025-04-11 11:57:26.598] ERROR 23764 --- [  restartedMain] o.s.b.d.LoggingFailureAnalysisReporter   : 

***************************
APPLICATION FAILED TO START
***************************

Description:

Parameter 2 of constructor in kr.co.green.board.model.service.FreeBoardServiceImpl required a bean of type 'kr.co.green.board.model.mapper.BoardRepository' that could not be found.


Action:

Consider defining a bean of type 'kr.co.green.board.model.mapper.BoardRepository' in your configuration.

[2025-04-11 11:57:32.167]  INFO 23764 --- [  restartedMain] k.c.g.ReBoardApplication                 : Starting ReBoardApplication using Java 17.0.12 with PID 23764 (C:\Users\bongo\git\ReBoard\ReBorad\bin\main started by bongo in C:\Users\bongo\git\ReBoard\ReBorad)
[2025-04-11 11:57:32.168]  INFO 23764 --- [  restartedMain] k.c.g.ReBoardApplication                 : No active profile set, falling back to 1 default profile: "default"
[2025-04-11 11:57:32.308]  INFO 23764 --- [  restartedMain] .s.d.r.c.RepositoryConfigurationDelegate : Bootstrapping Spring Data JPA repositories in DEFAULT mode.
[2025-04-11 11:57:32.328]  INFO 23764 --- [  restartedMain] .s.d.r.c.RepositoryConfigurationDelegate : Finished Spring Data repository scanning in 19 ms. Found 2 JPA repository interfaces.
[2025-04-11 11:57:32.396]  INFO 23764 --- [  restartedMain] o.s.b.w.e.t.TomcatWebServer              : Tomcat initialized with port 80 (http)
[2025-04-11 11:57:32.396]  INFO 23764 --- [  restartedMain] o.a.c.h.Http11NioProtocol                : Initializing ProtocolHandler ["http-nio-80"]
[2025-04-11 11:57:32.397]  INFO 23764 --- [  restartedMain] o.a.c.c.StandardService                  : Starting service [Tomcat]
[2025-04-11 11:57:32.397]  INFO 23764 --- [  restartedMain] o.a.c.c.StandardEngine                   : Starting Servlet engine: [Apache Tomcat/10.1.34]
[2025-04-11 11:57:32.413]  INFO 23764 --- [  restartedMain] o.a.c.c.C.[.[.[/]                        : Initializing Spring embedded WebApplicationContext
[2025-04-11 11:57:32.413]  INFO 23764 --- [  restartedMain] w.s.c.ServletWebServerApplicationContext : Root WebApplicationContext: initialization completed in 244 ms
[2025-04-11 11:57:32.437]  INFO 23764 --- [  restartedMain] o.h.j.i.u.LogHelper                      : HHH000204: Processing PersistenceUnitInfo [name: default]
[2025-04-11 11:57:32.438]  INFO 23764 --- [  restartedMain] o.h.c.i.RegionFactoryInitiator           : HHH000026: Second-level cache disabled
[2025-04-11 11:57:32.443]  INFO 23764 --- [  restartedMain] o.s.o.j.p.SpringPersistenceUnitInfo      : No LoadTimeWeaver setup: ignoring JPA class transformer
[2025-04-11 11:57:32.443]  INFO 23764 --- [  restartedMain] c.z.h.HikariDataSource                   : HikariPool-69 - Starting...
[2025-04-11 11:57:32.443]  WARN 23764 --- [  restartedMain] c.z.h.u.DriverDataSource                 : Registered driver with driverClassName=oracle.jdbc.driver.OracleDriver was not found, trying direct instantiation.
[2025-04-11 11:57:32.535]  INFO 23764 --- [  restartedMain] c.z.h.p.HikariPool                       : HikariPool-69 - Added connection oracle.jdbc.driver.T4CConnection@716a3eb5
[2025-04-11 11:57:32.535]  INFO 23764 --- [  restartedMain] c.z.h.HikariDataSource                   : HikariPool-69 - Start completed.
[2025-04-11 11:57:32.539]  INFO 23764 --- [  restartedMain] o.h.o.c.pooling                          : HHH10001005: Database info:
	Database JDBC URL [Connecting through datasource 'HikariDataSource (HikariPool-69)']
	Database driver: undefined/unknown
	Database version: 21.3
	Autocommit mode: undefined/unknown
	Isolation level: undefined/unknown
	Minimum pool size: undefined/unknown
	Maximum pool size: undefined/unknown
[2025-04-11 11:57:32.562]  INFO 23764 --- [  restartedMain] o.h.e.t.j.p.i.JtaPlatformInitiator       : HHH000489: No JTA platform available (set 'hibernate.transaction.jta.platform' to enable JTA platform integration)
[2025-04-11 11:57:32.562]  INFO 23764 --- [  restartedMain] j.LocalContainerEntityManagerFactoryBean : Initialized JPA EntityManagerFactory for persistence unit 'default'
[2025-04-11 11:57:32.607]  WARN 23764 --- [  restartedMain] JpaBaseConfiguration$JpaWebConfiguration : spring.jpa.open-in-view is enabled by default. Therefore, database queries may be performed during view rendering. Explicitly configure spring.jpa.open-in-view to disable this warning
[2025-04-11 11:57:32.612]  WARN 23764 --- [  restartedMain] .s.s.UserDetailsServiceAutoConfiguration : 

Using generated security password: b96f4263-6f41-4efc-beb2-a7efeb36a0d4

This generated password is for development use only. Your security configuration must be updated before running your application in production.

[2025-04-11 11:57:32.612]  INFO 23764 --- [  restartedMain] r$InitializeUserDetailsManagerConfigurer : Global AuthenticationManager configured with UserDetailsService bean with name inMemoryUserDetailsManager
[2025-04-11 11:57:32.684]  INFO 23764 --- [  restartedMain] o.s.b.d.a.OptionalLiveReloadServer       : LiveReload server is running on port 35729
[2025-04-11 11:57:32.689]  INFO 23764 --- [  restartedMain] o.a.c.h.Http11NioProtocol                : Starting ProtocolHandler ["http-nio-80"]
[2025-04-11 11:57:32.692]  INFO 23764 --- [  restartedMain] o.s.b.w.e.t.TomcatWebServer              : Tomcat started on port 80 (http) with context path '/'
[2025-04-11 11:57:32.695]  INFO 23764 --- [  restartedMain] k.c.g.ReBoardApplication                 : Started ReBoardApplication in 0.552 seconds (process running for 7375.182)
[2025-04-11 11:57:32.697]  INFO 23764 --- [  restartedMain] .ConditionEvaluationDeltaLoggingListener : Condition evaluation unchanged
