[2025-04-14 23:57:39.269]  INFO 190128 --- [   File Watcher] rtingClassPathChangeChangedEventListener : Restarting due to 1 class path change (0 additions, 0 deletions, 1 modification)
[2025-04-14 23:57:39.273]  INFO 190128 --- [     Thread-429] o.s.b.w.e.t.GracefulShutdown             : Commencing graceful shutdown. Waiting for active requests to complete
[2025-04-14 23:57:39.274]  INFO 190128 --- [tomcat-shutdown] o.a.c.h.Http11NioProtocol                : Pausing ProtocolHandler ["http-nio-80"]
[2025-04-14 23:57:39.867]  INFO 190128 --- [tomcat-shutdown] o.s.b.w.e.t.GracefulShutdown             : Graceful shutdown complete
[2025-04-14 23:57:39.867]  INFO 190128 --- [     Thread-429] o.a.c.h.Http11NioProtocol                : Stopping ProtocolHandler ["http-nio-80"]
[2025-04-14 23:57:39.880]  INFO 190128 --- [     Thread-429] j.LocalContainerEntityManagerFactoryBean : Closing JPA EntityManagerFactory for persistence unit 'default'
[2025-04-14 23:57:39.880]  INFO 190128 --- [     Thread-429] c.z.h.HikariDataSource                   : HikariPool-107 - Shutdown initiated...
[2025-04-14 23:57:39.891]  INFO 190128 --- [     Thread-429] c.z.h.HikariDataSource                   : HikariPool-107 - Shutdown completed.
[2025-04-14 23:57:39.979]  INFO 190128 --- [  restartedMain] k.c.g.ReBoardApplication                 : Starting ReBoardApplication using Java 17.0.12 with PID 190128 (C:\Users\bongo\git\ReBoard\ReBorad\bin\main started by bongo in C:\Users\bongo\git\ReBoard\ReBorad)
[2025-04-14 23:57:39.979]  INFO 190128 --- [  restartedMain] k.c.g.ReBoardApplication                 : No active profile set, falling back to 1 default profile: "default"
[2025-04-14 23:57:40.112]  INFO 190128 --- [  restartedMain] .s.d.r.c.RepositoryConfigurationDelegate : Bootstrapping Spring Data JPA repositories in DEFAULT mode.
[2025-04-14 23:57:40.132]  INFO 190128 --- [  restartedMain] .s.d.r.c.RepositoryConfigurationDelegate : Finished Spring Data repository scanning in 20 ms. Found 2 JPA repository interfaces.
[2025-04-14 23:57:40.200]  INFO 190128 --- [  restartedMain] o.s.b.w.e.t.TomcatWebServer              : Tomcat initialized with port 80 (http)
[2025-04-14 23:57:40.200]  INFO 190128 --- [  restartedMain] o.a.c.h.Http11NioProtocol                : Initializing ProtocolHandler ["http-nio-80"]
[2025-04-14 23:57:40.200]  INFO 190128 --- [  restartedMain] o.a.c.c.StandardService                  : Starting service [Tomcat]
[2025-04-14 23:57:40.201]  INFO 190128 --- [  restartedMain] o.a.c.c.StandardEngine                   : Starting Servlet engine: [Apache Tomcat/10.1.34]
[2025-04-14 23:57:40.216]  INFO 190128 --- [  restartedMain] o.a.c.c.C.[.[.[/]                        : Initializing Spring embedded WebApplicationContext
[2025-04-14 23:57:40.216]  INFO 190128 --- [  restartedMain] w.s.c.ServletWebServerApplicationContext : Root WebApplicationContext: initialization completed in 236 ms
[2025-04-14 23:57:40.240]  INFO 190128 --- [  restartedMain] o.h.j.i.u.LogHelper                      : HHH000204: Processing PersistenceUnitInfo [name: default]
[2025-04-14 23:57:40.241]  INFO 190128 --- [  restartedMain] o.h.c.i.RegionFactoryInitiator           : HHH000026: Second-level cache disabled
[2025-04-14 23:57:40.246]  INFO 190128 --- [  restartedMain] o.s.o.j.p.SpringPersistenceUnitInfo      : No LoadTimeWeaver setup: ignoring JPA class transformer
[2025-04-14 23:57:40.246]  INFO 190128 --- [  restartedMain] c.z.h.HikariDataSource                   : HikariPool-108 - Starting...
[2025-04-14 23:57:40.246]  WARN 190128 --- [  restartedMain] c.z.h.u.DriverDataSource                 : Registered driver with driverClassName=oracle.jdbc.driver.OracleDriver was not found, trying direct instantiation.
[2025-04-14 23:57:40.331]  INFO 190128 --- [  restartedMain] c.z.h.p.HikariPool                       : HikariPool-108 - Added connection oracle.jdbc.driver.T4CConnection@65b14120
[2025-04-14 23:57:40.331]  INFO 190128 --- [  restartedMain] c.z.h.HikariDataSource                   : HikariPool-108 - Start completed.
[2025-04-14 23:57:40.335]  INFO 190128 --- [  restartedMain] o.h.o.c.pooling                          : HHH10001005: Database info:
	Database JDBC URL [Connecting through datasource 'HikariDataSource (HikariPool-108)']
	Database driver: undefined/unknown
	Database version: 21.3
	Autocommit mode: undefined/unknown
	Isolation level: undefined/unknown
	Minimum pool size: undefined/unknown
	Maximum pool size: undefined/unknown
[2025-04-14 23:57:40.358]  INFO 190128 --- [  restartedMain] o.h.e.t.j.p.i.JtaPlatformInitiator       : HHH000489: No JTA platform available (set 'hibernate.transaction.jta.platform' to enable JTA platform integration)
[2025-04-14 23:57:40.358]  INFO 190128 --- [  restartedMain] j.LocalContainerEntityManagerFactoryBean : Initialized JPA EntityManagerFactory for persistence unit 'default'
[2025-04-14 23:57:40.413]  WARN 190128 --- [  restartedMain] JpaBaseConfiguration$JpaWebConfiguration : spring.jpa.open-in-view is enabled by default. Therefore, database queries may be performed during view rendering. Explicitly configure spring.jpa.open-in-view to disable this warning
[2025-04-14 23:57:40.421]  WARN 190128 --- [  restartedMain] .s.s.UserDetailsServiceAutoConfiguration : 

Using generated security password: d1cecc4b-1bf0-4ce6-ac55-54ef6800d11c

This generated password is for development use only. Your security configuration must be updated before running your application in production.

[2025-04-14 23:57:40.422]  INFO 190128 --- [  restartedMain] r$InitializeUserDetailsManagerConfigurer : Global AuthenticationManager configured with UserDetailsService bean with name inMemoryUserDetailsManager
[2025-04-14 23:57:40.490]  INFO 190128 --- [  restartedMain] o.s.b.d.a.OptionalLiveReloadServer       : LiveReload server is running on port 35729
[2025-04-14 23:57:40.496]  INFO 190128 --- [  restartedMain] o.a.c.h.Http11NioProtocol                : Starting ProtocolHandler ["http-nio-80"]
[2025-04-14 23:57:40.498]  INFO 190128 --- [  restartedMain] o.s.b.w.e.t.TomcatWebServer              : Tomcat started on port 80 (http) with context path '/'
[2025-04-14 23:57:40.502]  INFO 190128 --- [  restartedMain] k.c.g.ReBoardApplication                 : Started ReBoardApplication in 0.548 seconds (process running for 8857.414)
[2025-04-14 23:57:40.503]  INFO 190128 --- [  restartedMain] .ConditionEvaluationDeltaLoggingListener : Condition evaluation unchanged
