[2025-04-11 11:11:49.335]  INFO 23764 --- [  restartedMain] k.c.g.ReBoardApplication                 : Starting ReBoardApplication using Java 17.0.12 with PID 23764 (C:\Users\bongo\git\ReBoard\ReBorad\bin\main started by bongo in C:\Users\bongo\git\ReBoard\ReBorad)
[2025-04-11 11:11:49.338]  INFO 23764 --- [  restartedMain] k.c.g.ReBoardApplication                 : No active profile set, falling back to 1 default profile: "default"
[2025-04-11 11:11:49.489]  INFO 23764 --- [  restartedMain] .s.d.r.c.RepositoryConfigurationDelegate : Bootstrapping Spring Data JPA repositories in DEFAULT mode.
[2025-04-11 11:11:49.510]  INFO 23764 --- [  restartedMain] .s.d.r.c.RepositoryConfigurationDelegate : Finished Spring Data repository scanning in 21 ms. Found 1 JPA repository interface.
[2025-04-11 11:11:49.591]  INFO 23764 --- [  restartedMain] o.s.b.w.e.t.TomcatWebServer              : Tomcat initialized with port 80 (http)
[2025-04-11 11:11:49.592]  INFO 23764 --- [  restartedMain] o.a.c.h.Http11NioProtocol                : Initializing ProtocolHandler ["http-nio-80"]
[2025-04-11 11:11:49.592]  INFO 23764 --- [  restartedMain] o.a.c.c.StandardService                  : Starting service [Tomcat]
[2025-04-11 11:11:49.592]  INFO 23764 --- [  restartedMain] o.a.c.c.StandardEngine                   : Starting Servlet engine: [Apache Tomcat/10.1.34]
[2025-04-11 11:11:49.609]  INFO 23764 --- [  restartedMain] o.a.c.c.C.[.[.[/]                        : Initializing Spring embedded WebApplicationContext
[2025-04-11 11:11:49.609]  INFO 23764 --- [  restartedMain] w.s.c.ServletWebServerApplicationContext : Root WebApplicationContext: initialization completed in 269 ms
[2025-04-11 11:11:49.641]  INFO 23764 --- [  restartedMain] o.h.j.i.u.LogHelper                      : HHH000204: Processing PersistenceUnitInfo [name: default]
[2025-04-11 11:11:49.643]  INFO 23764 --- [  restartedMain] o.h.c.i.RegionFactoryInitiator           : HHH000026: Second-level cache disabled
[2025-04-11 11:11:49.648]  INFO 23764 --- [  restartedMain] o.s.o.j.p.SpringPersistenceUnitInfo      : No LoadTimeWeaver setup: ignoring JPA class transformer
[2025-04-11 11:11:49.649]  INFO 23764 --- [  restartedMain] c.z.h.HikariDataSource                   : HikariPool-43 - Starting...
[2025-04-11 11:11:49.649]  WARN 23764 --- [  restartedMain] c.z.h.u.DriverDataSource                 : Registered driver with driverClassName=oracle.jdbc.driver.OracleDriver was not found, trying direct instantiation.
[2025-04-11 11:11:49.748]  INFO 23764 --- [  restartedMain] c.z.h.p.HikariPool                       : HikariPool-43 - Added connection oracle.jdbc.driver.T4CConnection@212237a
[2025-04-11 11:11:49.748]  INFO 23764 --- [  restartedMain] c.z.h.HikariDataSource                   : HikariPool-43 - Start completed.
[2025-04-11 11:11:49.752]  INFO 23764 --- [  restartedMain] o.h.o.c.pooling                          : HHH10001005: Database info:
	Database JDBC URL [Connecting through datasource 'HikariDataSource (HikariPool-43)']
	Database driver: undefined/unknown
	Database version: 21.3
	Autocommit mode: undefined/unknown
	Isolation level: undefined/unknown
	Minimum pool size: undefined/unknown
	Maximum pool size: undefined/unknown
[2025-04-11 11:11:49.831]  INFO 23764 --- [  restartedMain] o.h.e.t.j.p.i.JtaPlatformInitiator       : HHH000489: No JTA platform available (set 'hibernate.transaction.jta.platform' to enable JTA platform integration)
[2025-04-11 11:11:49.831]  INFO 23764 --- [  restartedMain] j.LocalContainerEntityManagerFactoryBean : Initialized JPA EntityManagerFactory for persistence unit 'default'
[2025-04-11 11:11:49.878]  WARN 23764 --- [  restartedMain] JpaBaseConfiguration$JpaWebConfiguration : spring.jpa.open-in-view is enabled by default. Therefore, database queries may be performed during view rendering. Explicitly configure spring.jpa.open-in-view to disable this warning
[2025-04-11 11:11:49.885]  WARN 23764 --- [  restartedMain] .s.s.UserDetailsServiceAutoConfiguration : 

Using generated security password: 9fa38182-7b21-4fb9-a031-13b383ef909c

This generated password is for development use only. Your security configuration must be updated before running your application in production.

[2025-04-11 11:11:49.885]  INFO 23764 --- [  restartedMain] r$InitializeUserDetailsManagerConfigurer : Global AuthenticationManager configured with UserDetailsService bean with name inMemoryUserDetailsManager
[2025-04-11 11:11:49.974]  INFO 23764 --- [  restartedMain] o.s.b.d.a.OptionalLiveReloadServer       : LiveReload server is running on port 35729
[2025-04-11 11:11:49.980]  INFO 23764 --- [  restartedMain] o.a.c.h.Http11NioProtocol                : Starting ProtocolHandler ["http-nio-80"]
[2025-04-11 11:11:49.988]  INFO 23764 --- [  restartedMain] o.s.b.w.e.t.TomcatWebServer              : Tomcat started on port 80 (http) with context path '/'
[2025-04-11 11:11:49.994]  INFO 23764 --- [  restartedMain] k.c.g.ReBoardApplication                 : Started ReBoardApplication in 0.685 seconds (process running for 4632.482)
[2025-04-11 11:11:49.996]  INFO 23764 --- [  restartedMain] .ConditionEvaluationDeltaLoggingListener : Condition evaluation unchanged
