[2025-04-11 14:46:34.921]  INFO 36336 --- [   File Watcher] rtingClassPathChangeChangedEventListener : Restarting due to 1 class path change (0 additions, 0 deletions, 1 modification)
[2025-04-11 14:46:34.928]  INFO 36336 --- [       Thread-7] o.s.b.w.e.t.GracefulShutdown             : Commencing graceful shutdown. Waiting for active requests to complete
[2025-04-11 14:46:34.929]  INFO 36336 --- [tomcat-shutdown] o.a.c.h.Http11NioProtocol                : Pausing ProtocolHandler ["http-nio-80"]
[2025-04-11 14:46:35.651]  INFO 36336 --- [tomcat-shutdown] o.s.b.w.e.t.GracefulShutdown             : Graceful shutdown complete
[2025-04-11 14:46:35.652]  INFO 36336 --- [       Thread-7] o.a.c.h.Http11NioProtocol                : Stopping ProtocolHandler ["http-nio-80"]
[2025-04-11 14:46:35.657]  INFO 36336 --- [       Thread-7] j.LocalContainerEntityManagerFactoryBean : Closing JPA EntityManagerFactory for persistence unit 'default'
[2025-04-11 14:46:35.660]  INFO 36336 --- [       Thread-7] c.z.h.HikariDataSource                   : HikariPool-1 - Shutdown initiated...
[2025-04-11 14:46:35.673]  INFO 36336 --- [       Thread-7] c.z.h.HikariDataSource                   : HikariPool-1 - Shutdown completed.
[2025-04-11 14:46:35.753]  INFO 36336 --- [  restartedMain] k.c.g.ReBoardApplication                 : Starting ReBoardApplication using Java 17.0.12 with PID 36336 (C:\Users\bongo\git\ReBoard\ReBorad\bin\main started by bongo in C:\Users\bongo\git\ReBoard\ReBorad)
[2025-04-11 14:46:35.754]  INFO 36336 --- [  restartedMain] k.c.g.ReBoardApplication                 : No active profile set, falling back to 1 default profile: "default"
[2025-04-11 14:46:35.935]  INFO 36336 --- [  restartedMain] .s.d.r.c.RepositoryConfigurationDelegate : Bootstrapping Spring Data JPA repositories in DEFAULT mode.
[2025-04-11 14:46:35.961]  INFO 36336 --- [  restartedMain] .s.d.r.c.RepositoryConfigurationDelegate : Finished Spring Data repository scanning in 24 ms. Found 2 JPA repository interfaces.
[2025-04-11 14:46:36.051]  INFO 36336 --- [  restartedMain] o.s.b.w.e.t.TomcatWebServer              : Tomcat initialized with port 80 (http)
[2025-04-11 14:46:36.052]  INFO 36336 --- [  restartedMain] o.a.c.h.Http11NioProtocol                : Initializing ProtocolHandler ["http-nio-80"]
[2025-04-11 14:46:36.052]  INFO 36336 --- [  restartedMain] o.a.c.c.StandardService                  : Starting service [Tomcat]
[2025-04-11 14:46:36.052]  INFO 36336 --- [  restartedMain] o.a.c.c.StandardEngine                   : Starting Servlet engine: [Apache Tomcat/10.1.34]
[2025-04-11 14:46:36.071]  INFO 36336 --- [  restartedMain] o.a.c.c.C.[.[.[/]                        : Initializing Spring embedded WebApplicationContext
[2025-04-11 14:46:36.071]  INFO 36336 --- [  restartedMain] w.s.c.ServletWebServerApplicationContext : Root WebApplicationContext: initialization completed in 315 ms
[2025-04-11 14:46:36.101]  INFO 36336 --- [  restartedMain] o.h.j.i.u.LogHelper                      : HHH000204: Processing PersistenceUnitInfo [name: default]
[2025-04-11 14:46:36.105]  INFO 36336 --- [  restartedMain] o.h.c.i.RegionFactoryInitiator           : HHH000026: Second-level cache disabled
[2025-04-11 14:46:36.114]  INFO 36336 --- [  restartedMain] o.s.o.j.p.SpringPersistenceUnitInfo      : No LoadTimeWeaver setup: ignoring JPA class transformer
[2025-04-11 14:46:36.115]  INFO 36336 --- [  restartedMain] c.z.h.HikariDataSource                   : HikariPool-2 - Starting...
[2025-04-11 14:46:36.115]  WARN 36336 --- [  restartedMain] c.z.h.u.DriverDataSource                 : Registered driver with driverClassName=oracle.jdbc.driver.OracleDriver was not found, trying direct instantiation.
[2025-04-11 14:46:36.221]  INFO 36336 --- [  restartedMain] c.z.h.p.HikariPool                       : HikariPool-2 - Added connection oracle.jdbc.driver.T4CConnection@2acddec6
[2025-04-11 14:46:36.221]  INFO 36336 --- [  restartedMain] c.z.h.HikariDataSource                   : HikariPool-2 - Start completed.
[2025-04-11 14:46:36.226]  INFO 36336 --- [  restartedMain] o.h.o.c.pooling                          : HHH10001005: Database info:
	Database JDBC URL [Connecting through datasource 'HikariDataSource (HikariPool-2)']
	Database driver: undefined/unknown
	Database version: 21.3
	Autocommit mode: undefined/unknown
	Isolation level: undefined/unknown
	Minimum pool size: undefined/unknown
	Maximum pool size: undefined/unknown
[2025-04-11 14:46:36.273]  INFO 36336 --- [  restartedMain] o.h.e.t.j.p.i.JtaPlatformInitiator       : HHH000489: No JTA platform available (set 'hibernate.transaction.jta.platform' to enable JTA platform integration)
[2025-04-11 14:46:36.273]  INFO 36336 --- [  restartedMain] j.LocalContainerEntityManagerFactoryBean : Initialized JPA EntityManagerFactory for persistence unit 'default'
[2025-04-11 14:46:36.338]  WARN 36336 --- [  restartedMain] JpaBaseConfiguration$JpaWebConfiguration : spring.jpa.open-in-view is enabled by default. Therefore, database queries may be performed during view rendering. Explicitly configure spring.jpa.open-in-view to disable this warning
[2025-04-11 14:46:36.344]  WARN 36336 --- [  restartedMain] .s.s.UserDetailsServiceAutoConfiguration : 

Using generated security password: 15c62226-9118-4d7a-a7db-f53b3a26f04a

This generated password is for development use only. Your security configuration must be updated before running your application in production.

[2025-04-11 14:46:36.345]  INFO 36336 --- [  restartedMain] r$InitializeUserDetailsManagerConfigurer : Global AuthenticationManager configured with UserDetailsService bean with name inMemoryUserDetailsManager
[2025-04-11 14:46:36.448]  INFO 36336 --- [  restartedMain] o.s.b.d.a.OptionalLiveReloadServer       : LiveReload server is running on port 35729
[2025-04-11 14:46:36.455]  INFO 36336 --- [  restartedMain] o.a.c.h.Http11NioProtocol                : Starting ProtocolHandler ["http-nio-80"]
[2025-04-11 14:46:36.458]  INFO 36336 --- [  restartedMain] o.s.b.w.e.t.TomcatWebServer              : Tomcat started on port 80 (http) with context path '/'
[2025-04-11 14:46:36.461]  INFO 36336 --- [  restartedMain] k.c.g.ReBoardApplication                 : Started ReBoardApplication in 0.745 seconds (process running for 53.447)
[2025-04-11 14:46:36.463]  INFO 36336 --- [  restartedMain] .ConditionEvaluationDeltaLoggingListener : Condition evaluation unchanged
[2025-04-11 14:46:39.926]  INFO 36336 --- [   File Watcher] rtingClassPathChangeChangedEventListener : Restarting due to 1 class path change (0 additions, 0 deletions, 1 modification)
[2025-04-11 14:46:39.928]  INFO 36336 --- [       Thread-9] o.s.b.w.e.t.GracefulShutdown             : Commencing graceful shutdown. Waiting for active requests to complete
[2025-04-11 14:46:39.929]  INFO 36336 --- [tomcat-shutdown] o.a.c.h.Http11NioProtocol                : Pausing ProtocolHandler ["http-nio-80"]
[2025-04-11 14:46:40.691]  INFO 36336 --- [tomcat-shutdown] o.s.b.w.e.t.GracefulShutdown             : Graceful shutdown complete
[2025-04-11 14:46:40.691]  INFO 36336 --- [       Thread-9] o.a.c.h.Http11NioProtocol                : Stopping ProtocolHandler ["http-nio-80"]
[2025-04-11 14:46:40.694]  INFO 36336 --- [       Thread-9] j.LocalContainerEntityManagerFactoryBean : Closing JPA EntityManagerFactory for persistence unit 'default'
[2025-04-11 14:46:40.694]  INFO 36336 --- [       Thread-9] c.z.h.HikariDataSource                   : HikariPool-2 - Shutdown initiated...
[2025-04-11 14:46:40.703]  INFO 36336 --- [       Thread-9] c.z.h.HikariDataSource                   : HikariPool-2 - Shutdown completed.
[2025-04-11 14:46:40.783]  INFO 36336 --- [  restartedMain] k.c.g.ReBoardApplication                 : Starting ReBoardApplication using Java 17.0.12 with PID 36336 (C:\Users\bongo\git\ReBoard\ReBorad\bin\main started by bongo in C:\Users\bongo\git\ReBoard\ReBorad)
[2025-04-11 14:46:40.783]  INFO 36336 --- [  restartedMain] k.c.g.ReBoardApplication                 : No active profile set, falling back to 1 default profile: "default"
[2025-04-11 14:46:40.949]  INFO 36336 --- [  restartedMain] .s.d.r.c.RepositoryConfigurationDelegate : Bootstrapping Spring Data JPA repositories in DEFAULT mode.
[2025-04-11 14:46:40.972]  INFO 36336 --- [  restartedMain] .s.d.r.c.RepositoryConfigurationDelegate : Finished Spring Data repository scanning in 21 ms. Found 2 JPA repository interfaces.
[2025-04-11 14:46:41.041]  INFO 36336 --- [  restartedMain] o.s.b.w.e.t.TomcatWebServer              : Tomcat initialized with port 80 (http)
[2025-04-11 14:46:41.042]  INFO 36336 --- [  restartedMain] o.a.c.h.Http11NioProtocol                : Initializing ProtocolHandler ["http-nio-80"]
[2025-04-11 14:46:41.042]  INFO 36336 --- [  restartedMain] o.a.c.c.StandardService                  : Starting service [Tomcat]
[2025-04-11 14:46:41.043]  INFO 36336 --- [  restartedMain] o.a.c.c.StandardEngine                   : Starting Servlet engine: [Apache Tomcat/10.1.34]
[2025-04-11 14:46:41.060]  INFO 36336 --- [  restartedMain] o.a.c.c.C.[.[.[/]                        : Initializing Spring embedded WebApplicationContext
[2025-04-11 14:46:41.060]  INFO 36336 --- [  restartedMain] w.s.c.ServletWebServerApplicationContext : Root WebApplicationContext: initialization completed in 275 ms
[2025-04-11 14:46:41.090]  INFO 36336 --- [  restartedMain] o.h.j.i.u.LogHelper                      : HHH000204: Processing PersistenceUnitInfo [name: default]
[2025-04-11 14:46:41.092]  INFO 36336 --- [  restartedMain] o.h.c.i.RegionFactoryInitiator           : HHH000026: Second-level cache disabled
[2025-04-11 14:46:41.099]  INFO 36336 --- [  restartedMain] o.s.o.j.p.SpringPersistenceUnitInfo      : No LoadTimeWeaver setup: ignoring JPA class transformer
[2025-04-11 14:46:41.100]  INFO 36336 --- [  restartedMain] c.z.h.HikariDataSource                   : HikariPool-3 - Starting...
[2025-04-11 14:46:41.100]  WARN 36336 --- [  restartedMain] c.z.h.u.DriverDataSource                 : Registered driver with driverClassName=oracle.jdbc.driver.OracleDriver was not found, trying direct instantiation.
[2025-04-11 14:46:41.198]  INFO 36336 --- [  restartedMain] c.z.h.p.HikariPool                       : HikariPool-3 - Added connection oracle.jdbc.driver.T4CConnection@5cd6e2f2
[2025-04-11 14:46:41.198]  INFO 36336 --- [  restartedMain] c.z.h.HikariDataSource                   : HikariPool-3 - Start completed.
[2025-04-11 14:46:41.202]  INFO 36336 --- [  restartedMain] o.h.o.c.pooling                          : HHH10001005: Database info:
	Database JDBC URL [Connecting through datasource 'HikariDataSource (HikariPool-3)']
	Database driver: undefined/unknown
	Database version: 21.3
	Autocommit mode: undefined/unknown
	Isolation level: undefined/unknown
	Minimum pool size: undefined/unknown
	Maximum pool size: undefined/unknown
[2025-04-11 14:46:41.246]  INFO 36336 --- [  restartedMain] o.h.e.t.j.p.i.JtaPlatformInitiator       : HHH000489: No JTA platform available (set 'hibernate.transaction.jta.platform' to enable JTA platform integration)
[2025-04-11 14:46:41.246]  INFO 36336 --- [  restartedMain] j.LocalContainerEntityManagerFactoryBean : Initialized JPA EntityManagerFactory for persistence unit 'default'
[2025-04-11 14:46:41.299]  WARN 36336 --- [  restartedMain] JpaBaseConfiguration$JpaWebConfiguration : spring.jpa.open-in-view is enabled by default. Therefore, database queries may be performed during view rendering. Explicitly configure spring.jpa.open-in-view to disable this warning
[2025-04-11 14:46:41.303]  WARN 36336 --- [  restartedMain] .s.s.UserDetailsServiceAutoConfiguration : 

Using generated security password: 348af581-adf1-45ed-a290-f5ce51496d84

This generated password is for development use only. Your security configuration must be updated before running your application in production.

[2025-04-11 14:46:41.303]  INFO 36336 --- [  restartedMain] r$InitializeUserDetailsManagerConfigurer : Global AuthenticationManager configured with UserDetailsService bean with name inMemoryUserDetailsManager
[2025-04-11 14:46:41.394]  INFO 36336 --- [  restartedMain] o.s.b.d.a.OptionalLiveReloadServer       : LiveReload server is running on port 35729
[2025-04-11 14:46:41.400]  INFO 36336 --- [  restartedMain] o.a.c.h.Http11NioProtocol                : Starting ProtocolHandler ["http-nio-80"]
[2025-04-11 14:46:41.403]  INFO 36336 --- [  restartedMain] o.s.b.w.e.t.TomcatWebServer              : Tomcat started on port 80 (http) with context path '/'
[2025-04-11 14:46:41.406]  INFO 36336 --- [  restartedMain] k.c.g.ReBoardApplication                 : Started ReBoardApplication in 0.659 seconds (process running for 58.392)
[2025-04-11 14:46:41.407]  INFO 36336 --- [  restartedMain] .ConditionEvaluationDeltaLoggingListener : Condition evaluation unchanged
[2025-04-11 14:46:47.954]  INFO 36336 --- [   File Watcher] rtingClassPathChangeChangedEventListener : Restarting due to 1 class path change (0 additions, 0 deletions, 1 modification)
[2025-04-11 14:46:47.955]  INFO 36336 --- [      Thread-13] o.s.b.w.e.t.GracefulShutdown             : Commencing graceful shutdown. Waiting for active requests to complete
[2025-04-11 14:46:47.956]  INFO 36336 --- [tomcat-shutdown] o.a.c.h.Http11NioProtocol                : Pausing ProtocolHandler ["http-nio-80"]
[2025-04-11 14:46:48.678]  INFO 36336 --- [tomcat-shutdown] o.s.b.w.e.t.GracefulShutdown             : Graceful shutdown complete
[2025-04-11 14:46:48.678]  INFO 36336 --- [      Thread-13] o.a.c.h.Http11NioProtocol                : Stopping ProtocolHandler ["http-nio-80"]
[2025-04-11 14:46:48.680]  INFO 36336 --- [      Thread-13] j.LocalContainerEntityManagerFactoryBean : Closing JPA EntityManagerFactory for persistence unit 'default'
[2025-04-11 14:46:48.680]  INFO 36336 --- [      Thread-13] c.z.h.HikariDataSource                   : HikariPool-3 - Shutdown initiated...
[2025-04-11 14:46:48.689]  INFO 36336 --- [      Thread-13] c.z.h.HikariDataSource                   : HikariPool-3 - Shutdown completed.
[2025-04-11 14:46:48.767]  INFO 36336 --- [  restartedMain] k.c.g.ReBoardApplication                 : Starting ReBoardApplication using Java 17.0.12 with PID 36336 (C:\Users\bongo\git\ReBoard\ReBorad\bin\main started by bongo in C:\Users\bongo\git\ReBoard\ReBorad)
[2025-04-11 14:46:48.768]  INFO 36336 --- [  restartedMain] k.c.g.ReBoardApplication                 : No active profile set, falling back to 1 default profile: "default"
[2025-04-11 14:46:48.928]  INFO 36336 --- [  restartedMain] .s.d.r.c.RepositoryConfigurationDelegate : Bootstrapping Spring Data JPA repositories in DEFAULT mode.
[2025-04-11 14:46:48.969]  INFO 36336 --- [  restartedMain] .s.d.r.c.RepositoryConfigurationDelegate : Finished Spring Data repository scanning in 39 ms. Found 2 JPA repository interfaces.
[2025-04-11 14:46:49.043]  INFO 36336 --- [  restartedMain] o.s.b.w.e.t.TomcatWebServer              : Tomcat initialized with port 80 (http)
[2025-04-11 14:46:49.044]  INFO 36336 --- [  restartedMain] o.a.c.h.Http11NioProtocol                : Initializing ProtocolHandler ["http-nio-80"]
[2025-04-11 14:46:49.044]  INFO 36336 --- [  restartedMain] o.a.c.c.StandardService                  : Starting service [Tomcat]
[2025-04-11 14:46:49.045]  INFO 36336 --- [  restartedMain] o.a.c.c.StandardEngine                   : Starting Servlet engine: [Apache Tomcat/10.1.34]
[2025-04-11 14:46:49.062]  INFO 36336 --- [  restartedMain] o.a.c.c.C.[.[.[/]                        : Initializing Spring embedded WebApplicationContext
[2025-04-11 14:46:49.063]  INFO 36336 --- [  restartedMain] w.s.c.ServletWebServerApplicationContext : Root WebApplicationContext: initialization completed in 294 ms
[2025-04-11 14:46:49.091]  INFO 36336 --- [  restartedMain] o.h.j.i.u.LogHelper                      : HHH000204: Processing PersistenceUnitInfo [name: default]
[2025-04-11 14:46:49.094]  INFO 36336 --- [  restartedMain] o.h.c.i.RegionFactoryInitiator           : HHH000026: Second-level cache disabled
[2025-04-11 14:46:49.100]  INFO 36336 --- [  restartedMain] o.s.o.j.p.SpringPersistenceUnitInfo      : No LoadTimeWeaver setup: ignoring JPA class transformer
[2025-04-11 14:46:49.101]  INFO 36336 --- [  restartedMain] c.z.h.HikariDataSource                   : HikariPool-4 - Starting...
[2025-04-11 14:46:49.101]  WARN 36336 --- [  restartedMain] c.z.h.u.DriverDataSource                 : Registered driver with driverClassName=oracle.jdbc.driver.OracleDriver was not found, trying direct instantiation.
[2025-04-11 14:46:49.195]  INFO 36336 --- [  restartedMain] c.z.h.p.HikariPool                       : HikariPool-4 - Added connection oracle.jdbc.driver.T4CConnection@6e9f4170
[2025-04-11 14:46:49.195]  INFO 36336 --- [  restartedMain] c.z.h.HikariDataSource                   : HikariPool-4 - Start completed.
[2025-04-11 14:46:49.199]  INFO 36336 --- [  restartedMain] o.h.o.c.pooling                          : HHH10001005: Database info:
	Database JDBC URL [Connecting through datasource 'HikariDataSource (HikariPool-4)']
	Database driver: undefined/unknown
	Database version: 21.3
	Autocommit mode: undefined/unknown
	Isolation level: undefined/unknown
	Minimum pool size: undefined/unknown
	Maximum pool size: undefined/unknown
[2025-04-11 14:46:49.241]  INFO 36336 --- [  restartedMain] o.h.e.t.j.p.i.JtaPlatformInitiator       : HHH000489: No JTA platform available (set 'hibernate.transaction.jta.platform' to enable JTA platform integration)
[2025-04-11 14:46:49.241]  INFO 36336 --- [  restartedMain] j.LocalContainerEntityManagerFactoryBean : Initialized JPA EntityManagerFactory for persistence unit 'default'
[2025-04-11 14:46:49.297]  WARN 36336 --- [  restartedMain] JpaBaseConfiguration$JpaWebConfiguration : spring.jpa.open-in-view is enabled by default. Therefore, database queries may be performed during view rendering. Explicitly configure spring.jpa.open-in-view to disable this warning
[2025-04-11 14:46:49.302]  WARN 36336 --- [  restartedMain] .s.s.UserDetailsServiceAutoConfiguration : 

Using generated security password: 0ac449eb-17e3-4623-a95f-0c787f931d9a

This generated password is for development use only. Your security configuration must be updated before running your application in production.

[2025-04-11 14:46:49.303]  INFO 36336 --- [  restartedMain] r$InitializeUserDetailsManagerConfigurer : Global AuthenticationManager configured with UserDetailsService bean with name inMemoryUserDetailsManager
[2025-04-11 14:46:49.393]  INFO 36336 --- [  restartedMain] o.s.b.d.a.OptionalLiveReloadServer       : LiveReload server is running on port 35729
[2025-04-11 14:46:49.398]  INFO 36336 --- [  restartedMain] o.a.c.h.Http11NioProtocol                : Starting ProtocolHandler ["http-nio-80"]
[2025-04-11 14:46:49.401]  INFO 36336 --- [  restartedMain] o.s.b.w.e.t.TomcatWebServer              : Tomcat started on port 80 (http) with context path '/'
[2025-04-11 14:46:49.406]  INFO 36336 --- [  restartedMain] k.c.g.ReBoardApplication                 : Started ReBoardApplication in 0.673 seconds (process running for 66.392)
[2025-04-11 14:46:49.407]  INFO 36336 --- [  restartedMain] .ConditionEvaluationDeltaLoggingListener : Condition evaluation unchanged
[2025-04-11 14:46:49.526]  INFO 36336 --- [p-nio-80-exec-1] o.a.c.c.C.[.[.[/]                        : Initializing Spring DispatcherServlet 'dispatcherServlet'
[2025-04-11 14:46:49.526]  INFO 36336 --- [p-nio-80-exec-1] o.s.w.s.DispatcherServlet                : Initializing Servlet 'dispatcherServlet'
[2025-04-11 14:46:49.527]  INFO 36336 --- [p-nio-80-exec-1] o.s.w.s.DispatcherServlet                : Completed initialization in 1 ms
