[2025-04-11 13:41:28.202]  INFO 23764 --- [   File Watcher] rtingClassPathChangeChangedEventListener : Restarting due to 1 class path change (0 additions, 0 deletions, 1 modification)
[2025-04-11 13:41:28.208]  INFO 23764 --- [     Thread-445] o.s.b.w.e.t.GracefulShutdown             : Commencing graceful shutdown. Waiting for active requests to complete
[2025-04-11 13:41:28.210]  INFO 23764 --- [tomcat-shutdown] o.a.c.h.Http11NioProtocol                : Pausing ProtocolHandler ["http-nio-80"]
[2025-04-11 13:41:28.981]  INFO 23764 --- [tomcat-shutdown] o.s.b.w.e.t.GracefulShutdown             : Graceful shutdown complete
[2025-04-11 13:41:28.982]  INFO 23764 --- [     Thread-445] o.a.c.h.Http11NioProtocol                : Stopping ProtocolHandler ["http-nio-80"]
[2025-04-11 13:41:28.992]  INFO 23764 --- [     Thread-445] j.LocalContainerEntityManagerFactoryBean : Closing JPA EntityManagerFactory for persistence unit 'default'
[2025-04-11 13:41:28.992]  INFO 23764 --- [     Thread-445] c.z.h.HikariDataSource                   : HikariPool-116 - Shutdown initiated...
[2025-04-11 13:41:29.001]  INFO 23764 --- [     Thread-445] c.z.h.HikariDataSource                   : HikariPool-116 - Shutdown completed.
[2025-04-11 13:41:29.077]  INFO 23764 --- [  restartedMain] k.c.g.ReBoardApplication                 : Starting ReBoardApplication using Java 17.0.12 with PID 23764 (C:\Users\bongo\git\ReBoard\ReBorad\bin\main started by bongo in C:\Users\bongo\git\ReBoard\ReBorad)
[2025-04-11 13:41:29.077]  INFO 23764 --- [  restartedMain] k.c.g.ReBoardApplication                 : No active profile set, falling back to 1 default profile: "default"
[2025-04-11 13:41:29.222]  INFO 23764 --- [  restartedMain] .s.d.r.c.RepositoryConfigurationDelegate : Bootstrapping Spring Data JPA repositories in DEFAULT mode.
[2025-04-11 13:41:29.243]  INFO 23764 --- [  restartedMain] .s.d.r.c.RepositoryConfigurationDelegate : Finished Spring Data repository scanning in 21 ms. Found 2 JPA repository interfaces.
[2025-04-11 13:41:29.329]  INFO 23764 --- [  restartedMain] o.s.b.w.e.t.TomcatWebServer              : Tomcat initialized with port 80 (http)
[2025-04-11 13:41:29.330]  INFO 23764 --- [  restartedMain] o.a.c.h.Http11NioProtocol                : Initializing ProtocolHandler ["http-nio-80"]
[2025-04-11 13:41:29.330]  INFO 23764 --- [  restartedMain] o.a.c.c.StandardService                  : Starting service [Tomcat]
[2025-04-11 13:41:29.330]  INFO 23764 --- [  restartedMain] o.a.c.c.StandardEngine                   : Starting Servlet engine: [Apache Tomcat/10.1.34]
[2025-04-11 13:41:29.346]  INFO 23764 --- [  restartedMain] o.a.c.c.C.[.[.[/]                        : Initializing Spring embedded WebApplicationContext
[2025-04-11 13:41:29.347]  INFO 23764 --- [  restartedMain] w.s.c.ServletWebServerApplicationContext : Root WebApplicationContext: initialization completed in 269 ms
[2025-04-11 13:41:29.371]  INFO 23764 --- [  restartedMain] o.h.j.i.u.LogHelper                      : HHH000204: Processing PersistenceUnitInfo [name: default]
[2025-04-11 13:41:29.373]  INFO 23764 --- [  restartedMain] o.h.c.i.RegionFactoryInitiator           : HHH000026: Second-level cache disabled
[2025-04-11 13:41:29.380]  INFO 23764 --- [  restartedMain] o.s.o.j.p.SpringPersistenceUnitInfo      : No LoadTimeWeaver setup: ignoring JPA class transformer
[2025-04-11 13:41:29.381]  INFO 23764 --- [  restartedMain] c.z.h.HikariDataSource                   : HikariPool-117 - Starting...
[2025-04-11 13:41:29.381]  WARN 23764 --- [  restartedMain] c.z.h.u.DriverDataSource                 : Registered driver with driverClassName=oracle.jdbc.driver.OracleDriver was not found, trying direct instantiation.
[2025-04-11 13:41:29.479]  INFO 23764 --- [  restartedMain] c.z.h.p.HikariPool                       : HikariPool-117 - Added connection oracle.jdbc.driver.T4CConnection@68f54d29
[2025-04-11 13:41:29.479]  INFO 23764 --- [  restartedMain] c.z.h.HikariDataSource                   : HikariPool-117 - Start completed.
[2025-04-11 13:41:29.482]  INFO 23764 --- [  restartedMain] o.h.o.c.pooling                          : HHH10001005: Database info:
	Database JDBC URL [Connecting through datasource 'HikariDataSource (HikariPool-117)']
	Database driver: undefined/unknown
	Database version: 21.3
	Autocommit mode: undefined/unknown
	Isolation level: undefined/unknown
	Minimum pool size: undefined/unknown
	Maximum pool size: undefined/unknown
[2025-04-11 13:41:29.510]  INFO 23764 --- [  restartedMain] o.h.e.t.j.p.i.JtaPlatformInitiator       : HHH000489: No JTA platform available (set 'hibernate.transaction.jta.platform' to enable JTA platform integration)
[2025-04-11 13:41:29.510]  INFO 23764 --- [  restartedMain] j.LocalContainerEntityManagerFactoryBean : Initialized JPA EntityManagerFactory for persistence unit 'default'
[2025-04-11 13:41:29.560]  WARN 23764 --- [  restartedMain] JpaBaseConfiguration$JpaWebConfiguration : spring.jpa.open-in-view is enabled by default. Therefore, database queries may be performed during view rendering. Explicitly configure spring.jpa.open-in-view to disable this warning
[2025-04-11 13:41:29.566]  WARN 23764 --- [  restartedMain] .s.s.UserDetailsServiceAutoConfiguration : 

Using generated security password: afc13d9d-f62f-444b-9885-67281a81976f

This generated password is for development use only. Your security configuration must be updated before running your application in production.

[2025-04-11 13:41:29.567]  INFO 23764 --- [  restartedMain] r$InitializeUserDetailsManagerConfigurer : Global AuthenticationManager configured with UserDetailsService bean with name inMemoryUserDetailsManager
[2025-04-11 13:41:29.634]  INFO 23764 --- [  restartedMain] o.s.b.d.a.OptionalLiveReloadServer       : LiveReload server is running on port 35729
[2025-04-11 13:41:29.639]  INFO 23764 --- [  restartedMain] o.a.c.h.Http11NioProtocol                : Starting ProtocolHandler ["http-nio-80"]
[2025-04-11 13:41:29.642]  INFO 23764 --- [  restartedMain] o.s.b.w.e.t.TomcatWebServer              : Tomcat started on port 80 (http) with context path '/'
[2025-04-11 13:41:29.645]  INFO 23764 --- [  restartedMain] k.c.g.ReBoardApplication                 : Started ReBoardApplication in 0.595 seconds (process running for 13612.249)
[2025-04-11 13:41:29.646]  INFO 23764 --- [  restartedMain] .ConditionEvaluationDeltaLoggingListener : Condition evaluation unchanged
[2025-04-11 13:41:35.157]  INFO 23764 --- [   File Watcher] rtingClassPathChangeChangedEventListener : Restarting due to 1 class path change (0 additions, 0 deletions, 1 modification)
[2025-04-11 13:41:35.160]  INFO 23764 --- [     Thread-449] o.s.b.w.e.t.GracefulShutdown             : Commencing graceful shutdown. Waiting for active requests to complete
[2025-04-11 13:41:35.161]  INFO 23764 --- [tomcat-shutdown] o.a.c.h.Http11NioProtocol                : Pausing ProtocolHandler ["http-nio-80"]
[2025-04-11 13:41:35.926]  INFO 23764 --- [tomcat-shutdown] o.s.b.w.e.t.GracefulShutdown             : Graceful shutdown complete
[2025-04-11 13:41:35.927]  INFO 23764 --- [     Thread-449] o.a.c.h.Http11NioProtocol                : Stopping ProtocolHandler ["http-nio-80"]
[2025-04-11 13:41:35.929]  INFO 23764 --- [     Thread-449] j.LocalContainerEntityManagerFactoryBean : Closing JPA EntityManagerFactory for persistence unit 'default'
[2025-04-11 13:41:35.929]  INFO 23764 --- [     Thread-449] c.z.h.HikariDataSource                   : HikariPool-117 - Shutdown initiated...
[2025-04-11 13:41:35.938]  INFO 23764 --- [     Thread-449] c.z.h.HikariDataSource                   : HikariPool-117 - Shutdown completed.
[2025-04-11 13:41:36.019]  INFO 23764 --- [  restartedMain] k.c.g.ReBoardApplication                 : Starting ReBoardApplication using Java 17.0.12 with PID 23764 (C:\Users\bongo\git\ReBoard\ReBorad\bin\main started by bongo in C:\Users\bongo\git\ReBoard\ReBorad)
[2025-04-11 13:41:36.020]  INFO 23764 --- [  restartedMain] k.c.g.ReBoardApplication                 : No active profile set, falling back to 1 default profile: "default"
[2025-04-11 13:41:36.195]  INFO 23764 --- [  restartedMain] .s.d.r.c.RepositoryConfigurationDelegate : Bootstrapping Spring Data JPA repositories in DEFAULT mode.
[2025-04-11 13:41:36.217]  INFO 23764 --- [  restartedMain] .s.d.r.c.RepositoryConfigurationDelegate : Finished Spring Data repository scanning in 20 ms. Found 2 JPA repository interfaces.
[2025-04-11 13:41:36.284]  INFO 23764 --- [  restartedMain] o.s.b.w.e.t.TomcatWebServer              : Tomcat initialized with port 80 (http)
[2025-04-11 13:41:36.284]  INFO 23764 --- [  restartedMain] o.a.c.h.Http11NioProtocol                : Initializing ProtocolHandler ["http-nio-80"]
[2025-04-11 13:41:36.285]  INFO 23764 --- [  restartedMain] o.a.c.c.StandardService                  : Starting service [Tomcat]
[2025-04-11 13:41:36.285]  INFO 23764 --- [  restartedMain] o.a.c.c.StandardEngine                   : Starting Servlet engine: [Apache Tomcat/10.1.34]
[2025-04-11 13:41:36.305]  INFO 23764 --- [  restartedMain] o.a.c.c.C.[.[.[/]                        : Initializing Spring embedded WebApplicationContext
[2025-04-11 13:41:36.306]  INFO 23764 --- [  restartedMain] w.s.c.ServletWebServerApplicationContext : Root WebApplicationContext: initialization completed in 284 ms
[2025-04-11 13:41:36.329]  INFO 23764 --- [  restartedMain] o.h.j.i.u.LogHelper                      : HHH000204: Processing PersistenceUnitInfo [name: default]
[2025-04-11 13:41:36.330]  INFO 23764 --- [  restartedMain] o.h.c.i.RegionFactoryInitiator           : HHH000026: Second-level cache disabled
[2025-04-11 13:41:36.335]  INFO 23764 --- [  restartedMain] o.s.o.j.p.SpringPersistenceUnitInfo      : No LoadTimeWeaver setup: ignoring JPA class transformer
[2025-04-11 13:41:36.335]  INFO 23764 --- [  restartedMain] c.z.h.HikariDataSource                   : HikariPool-118 - Starting...
[2025-04-11 13:41:36.336]  WARN 23764 --- [  restartedMain] c.z.h.u.DriverDataSource                 : Registered driver with driverClassName=oracle.jdbc.driver.OracleDriver was not found, trying direct instantiation.
[2025-04-11 13:41:36.426]  INFO 23764 --- [  restartedMain] c.z.h.p.HikariPool                       : HikariPool-118 - Added connection oracle.jdbc.driver.T4CConnection@1cc7bccb
[2025-04-11 13:41:36.426]  INFO 23764 --- [  restartedMain] c.z.h.HikariDataSource                   : HikariPool-118 - Start completed.
[2025-04-11 13:41:36.429]  INFO 23764 --- [  restartedMain] o.h.o.c.pooling                          : HHH10001005: Database info:
	Database JDBC URL [Connecting through datasource 'HikariDataSource (HikariPool-118)']
	Database driver: undefined/unknown
	Database version: 21.3
	Autocommit mode: undefined/unknown
	Isolation level: undefined/unknown
	Minimum pool size: undefined/unknown
	Maximum pool size: undefined/unknown
[2025-04-11 13:41:36.453]  INFO 23764 --- [  restartedMain] o.h.e.t.j.p.i.JtaPlatformInitiator       : HHH000489: No JTA platform available (set 'hibernate.transaction.jta.platform' to enable JTA platform integration)
[2025-04-11 13:41:36.454]  INFO 23764 --- [  restartedMain] j.LocalContainerEntityManagerFactoryBean : Initialized JPA EntityManagerFactory for persistence unit 'default'
[2025-04-11 13:41:36.505]  WARN 23764 --- [  restartedMain] JpaBaseConfiguration$JpaWebConfiguration : spring.jpa.open-in-view is enabled by default. Therefore, database queries may be performed during view rendering. Explicitly configure spring.jpa.open-in-view to disable this warning
[2025-04-11 13:41:36.509]  WARN 23764 --- [  restartedMain] .s.s.UserDetailsServiceAutoConfiguration : 

Using generated security password: 744af1e4-98f1-4285-9f03-ba0ff04c7c4f

This generated password is for development use only. Your security configuration must be updated before running your application in production.

[2025-04-11 13:41:36.509]  INFO 23764 --- [  restartedMain] r$InitializeUserDetailsManagerConfigurer : Global AuthenticationManager configured with UserDetailsService bean with name inMemoryUserDetailsManager
[2025-04-11 13:41:36.583]  INFO 23764 --- [  restartedMain] o.s.b.d.a.OptionalLiveReloadServer       : LiveReload server is running on port 35729
[2025-04-11 13:41:36.589]  INFO 23764 --- [  restartedMain] o.a.c.h.Http11NioProtocol                : Starting ProtocolHandler ["http-nio-80"]
[2025-04-11 13:41:36.592]  INFO 23764 --- [  restartedMain] o.s.b.w.e.t.TomcatWebServer              : Tomcat started on port 80 (http) with context path '/'
[2025-04-11 13:41:36.597]  INFO 23764 --- [  restartedMain] k.c.g.ReBoardApplication                 : Started ReBoardApplication in 0.609 seconds (process running for 13619.201)
[2025-04-11 13:41:36.598]  INFO 23764 --- [  restartedMain] .ConditionEvaluationDeltaLoggingListener : Condition evaluation unchanged
