[2025-04-11 14:51:44.887]  INFO 36336 --- [   File Watcher] rtingClassPathChangeChangedEventListener : Restarting due to 1 class path change (0 additions, 0 deletions, 1 modification)
[2025-04-11 14:51:44.893]  INFO 36336 --- [      Thread-17] o.s.b.w.e.t.GracefulShutdown             : Commencing graceful shutdown. Waiting for active requests to complete
[2025-04-11 14:51:44.894]  INFO 36336 --- [tomcat-shutdown] o.a.c.h.Http11NioProtocol                : Pausing ProtocolHandler ["http-nio-80"]
[2025-04-11 14:51:45.872]  INFO 36336 --- [tomcat-shutdown] o.s.b.w.e.t.GracefulShutdown             : Graceful shutdown complete
[2025-04-11 14:51:45.872]  INFO 36336 --- [      Thread-17] o.a.c.h.Http11NioProtocol                : Stopping ProtocolHandler ["http-nio-80"]
[2025-04-11 14:51:45.875]  INFO 36336 --- [      Thread-17] j.LocalContainerEntityManagerFactoryBean : Closing JPA EntityManagerFactory for persistence unit 'default'
[2025-04-11 14:51:45.875]  INFO 36336 --- [      Thread-17] c.z.h.HikariDataSource                   : HikariPool-4 - Shutdown initiated...
[2025-04-11 14:51:45.888]  INFO 36336 --- [      Thread-17] c.z.h.HikariDataSource                   : HikariPool-4 - Shutdown completed.
[2025-04-11 14:51:45.963]  INFO 36336 --- [  restartedMain] k.c.g.ReBoardApplication                 : Starting ReBoardApplication using Java 17.0.12 with PID 36336 (C:\Users\bongo\git\ReBoard\ReBorad\bin\main started by bongo in C:\Users\bongo\git\ReBoard\ReBorad)
[2025-04-11 14:51:45.964]  INFO 36336 --- [  restartedMain] k.c.g.ReBoardApplication                 : No active profile set, falling back to 1 default profile: "default"
[2025-04-11 14:51:46.122]  INFO 36336 --- [  restartedMain] .s.d.r.c.RepositoryConfigurationDelegate : Bootstrapping Spring Data JPA repositories in DEFAULT mode.
[2025-04-11 14:51:46.146]  INFO 36336 --- [  restartedMain] .s.d.r.c.RepositoryConfigurationDelegate : Finished Spring Data repository scanning in 22 ms. Found 2 JPA repository interfaces.
[2025-04-11 14:51:46.223]  INFO 36336 --- [  restartedMain] o.s.b.w.e.t.TomcatWebServer              : Tomcat initialized with port 80 (http)
[2025-04-11 14:51:46.224]  INFO 36336 --- [  restartedMain] o.a.c.h.Http11NioProtocol                : Initializing ProtocolHandler ["http-nio-80"]
[2025-04-11 14:51:46.224]  INFO 36336 --- [  restartedMain] o.a.c.c.StandardService                  : Starting service [Tomcat]
[2025-04-11 14:51:46.224]  INFO 36336 --- [  restartedMain] o.a.c.c.StandardEngine                   : Starting Servlet engine: [Apache Tomcat/10.1.34]
[2025-04-11 14:51:46.240]  INFO 36336 --- [  restartedMain] o.a.c.c.C.[.[.[/]                        : Initializing Spring embedded WebApplicationContext
[2025-04-11 14:51:46.241]  INFO 36336 --- [  restartedMain] w.s.c.ServletWebServerApplicationContext : Root WebApplicationContext: initialization completed in 276 ms
[2025-04-11 14:51:46.270]  INFO 36336 --- [  restartedMain] o.h.j.i.u.LogHelper                      : HHH000204: Processing PersistenceUnitInfo [name: default]
[2025-04-11 14:51:46.272]  INFO 36336 --- [  restartedMain] o.h.c.i.RegionFactoryInitiator           : HHH000026: Second-level cache disabled
[2025-04-11 14:51:46.279]  INFO 36336 --- [  restartedMain] o.s.o.j.p.SpringPersistenceUnitInfo      : No LoadTimeWeaver setup: ignoring JPA class transformer
[2025-04-11 14:51:46.280]  INFO 36336 --- [  restartedMain] c.z.h.HikariDataSource                   : HikariPool-5 - Starting...
[2025-04-11 14:51:46.280]  WARN 36336 --- [  restartedMain] c.z.h.u.DriverDataSource                 : Registered driver with driverClassName=oracle.jdbc.driver.OracleDriver was not found, trying direct instantiation.
[2025-04-11 14:51:46.501]  INFO 36336 --- [  restartedMain] c.z.h.p.HikariPool                       : HikariPool-5 - Added connection oracle.jdbc.driver.T4CConnection@3a25106
[2025-04-11 14:51:46.501]  INFO 36336 --- [  restartedMain] c.z.h.HikariDataSource                   : HikariPool-5 - Start completed.
[2025-04-11 14:51:46.506]  INFO 36336 --- [  restartedMain] o.h.o.c.pooling                          : HHH10001005: Database info:
	Database JDBC URL [Connecting through datasource 'HikariDataSource (HikariPool-5)']
	Database driver: undefined/unknown
	Database version: 21.3
	Autocommit mode: undefined/unknown
	Isolation level: undefined/unknown
	Minimum pool size: undefined/unknown
	Maximum pool size: undefined/unknown
[2025-04-11 14:51:46.549]  INFO 36336 --- [  restartedMain] o.h.e.t.j.p.i.JtaPlatformInitiator       : HHH000489: No JTA platform available (set 'hibernate.transaction.jta.platform' to enable JTA platform integration)
[2025-04-11 14:51:46.550]  INFO 36336 --- [  restartedMain] j.LocalContainerEntityManagerFactoryBean : Initialized JPA EntityManagerFactory for persistence unit 'default'
[2025-04-11 14:51:46.607]  WARN 36336 --- [  restartedMain] JpaBaseConfiguration$JpaWebConfiguration : spring.jpa.open-in-view is enabled by default. Therefore, database queries may be performed during view rendering. Explicitly configure spring.jpa.open-in-view to disable this warning
[2025-04-11 14:51:46.613]  WARN 36336 --- [  restartedMain] .s.s.UserDetailsServiceAutoConfiguration : 

Using generated security password: 547707c1-7c6f-4a11-a79c-5412cc9d2aa7

This generated password is for development use only. Your security configuration must be updated before running your application in production.

[2025-04-11 14:51:46.614]  INFO 36336 --- [  restartedMain] r$InitializeUserDetailsManagerConfigurer : Global AuthenticationManager configured with UserDetailsService bean with name inMemoryUserDetailsManager
[2025-04-11 14:51:46.707]  INFO 36336 --- [  restartedMain] o.s.b.d.a.OptionalLiveReloadServer       : LiveReload server is running on port 35729
[2025-04-11 14:51:46.713]  INFO 36336 --- [  restartedMain] o.a.c.h.Http11NioProtocol                : Starting ProtocolHandler ["http-nio-80"]
[2025-04-11 14:51:46.717]  INFO 36336 --- [  restartedMain] o.s.b.w.e.t.TomcatWebServer              : Tomcat started on port 80 (http) with context path '/'
[2025-04-11 14:51:46.720]  INFO 36336 --- [  restartedMain] k.c.g.ReBoardApplication                 : Started ReBoardApplication in 0.793 seconds (process running for 363.705)
[2025-04-11 14:51:46.720]  INFO 36336 --- [  restartedMain] .ConditionEvaluationDeltaLoggingListener : Condition evaluation unchanged
[2025-04-11 14:51:53.261]  INFO 36336 --- [   File Watcher] rtingClassPathChangeChangedEventListener : Restarting due to 1 class path change (0 additions, 0 deletions, 1 modification)
[2025-04-11 14:51:53.262]  INFO 36336 --- [      Thread-21] o.s.b.w.e.t.GracefulShutdown             : Commencing graceful shutdown. Waiting for active requests to complete
[2025-04-11 14:51:53.262]  INFO 36336 --- [tomcat-shutdown] o.a.c.h.Http11NioProtocol                : Pausing ProtocolHandler ["http-nio-80"]
[2025-04-11 14:51:54.610]  INFO 36336 --- [tomcat-shutdown] o.s.b.w.e.t.GracefulShutdown             : Graceful shutdown complete
[2025-04-11 14:51:54.610]  INFO 36336 --- [      Thread-21] o.a.c.h.Http11NioProtocol                : Stopping ProtocolHandler ["http-nio-80"]
[2025-04-11 14:51:54.613]  INFO 36336 --- [      Thread-21] j.LocalContainerEntityManagerFactoryBean : Closing JPA EntityManagerFactory for persistence unit 'default'
[2025-04-11 14:51:54.613]  INFO 36336 --- [      Thread-21] c.z.h.HikariDataSource                   : HikariPool-5 - Shutdown initiated...
[2025-04-11 14:51:54.624]  INFO 36336 --- [      Thread-21] c.z.h.HikariDataSource                   : HikariPool-5 - Shutdown completed.
[2025-04-11 14:51:54.696]  INFO 36336 --- [  restartedMain] k.c.g.ReBoardApplication                 : Starting ReBoardApplication using Java 17.0.12 with PID 36336 (C:\Users\bongo\git\ReBoard\ReBorad\bin\main started by bongo in C:\Users\bongo\git\ReBoard\ReBorad)
[2025-04-11 14:51:54.697]  INFO 36336 --- [  restartedMain] k.c.g.ReBoardApplication                 : No active profile set, falling back to 1 default profile: "default"
[2025-04-11 14:51:54.844]  INFO 36336 --- [  restartedMain] .s.d.r.c.RepositoryConfigurationDelegate : Bootstrapping Spring Data JPA repositories in DEFAULT mode.
[2025-04-11 14:51:54.867]  INFO 36336 --- [  restartedMain] .s.d.r.c.RepositoryConfigurationDelegate : Finished Spring Data repository scanning in 22 ms. Found 2 JPA repository interfaces.
[2025-04-11 14:51:54.935]  INFO 36336 --- [  restartedMain] o.s.b.w.e.t.TomcatWebServer              : Tomcat initialized with port 80 (http)
[2025-04-11 14:51:54.936]  INFO 36336 --- [  restartedMain] o.a.c.h.Http11NioProtocol                : Initializing ProtocolHandler ["http-nio-80"]
[2025-04-11 14:51:54.936]  INFO 36336 --- [  restartedMain] o.a.c.c.StandardService                  : Starting service [Tomcat]
[2025-04-11 14:51:54.936]  INFO 36336 --- [  restartedMain] o.a.c.c.StandardEngine                   : Starting Servlet engine: [Apache Tomcat/10.1.34]
[2025-04-11 14:51:54.953]  INFO 36336 --- [  restartedMain] o.a.c.c.C.[.[.[/]                        : Initializing Spring embedded WebApplicationContext
[2025-04-11 14:51:54.953]  INFO 36336 --- [  restartedMain] w.s.c.ServletWebServerApplicationContext : Root WebApplicationContext: initialization completed in 255 ms
[2025-04-11 14:51:54.980]  INFO 36336 --- [  restartedMain] o.h.j.i.u.LogHelper                      : HHH000204: Processing PersistenceUnitInfo [name: default]
[2025-04-11 14:51:54.982]  INFO 36336 --- [  restartedMain] o.h.c.i.RegionFactoryInitiator           : HHH000026: Second-level cache disabled
[2025-04-11 14:51:54.988]  INFO 36336 --- [  restartedMain] o.s.o.j.p.SpringPersistenceUnitInfo      : No LoadTimeWeaver setup: ignoring JPA class transformer
[2025-04-11 14:51:54.989]  INFO 36336 --- [  restartedMain] c.z.h.HikariDataSource                   : HikariPool-6 - Starting...
[2025-04-11 14:51:54.989]  WARN 36336 --- [  restartedMain] c.z.h.u.DriverDataSource                 : Registered driver with driverClassName=oracle.jdbc.driver.OracleDriver was not found, trying direct instantiation.
[2025-04-11 14:51:55.094]  INFO 36336 --- [  restartedMain] c.z.h.p.HikariPool                       : HikariPool-6 - Added connection oracle.jdbc.driver.T4CConnection@2b8b65b9
[2025-04-11 14:51:55.095]  INFO 36336 --- [  restartedMain] c.z.h.HikariDataSource                   : HikariPool-6 - Start completed.
[2025-04-11 14:51:55.098]  INFO 36336 --- [  restartedMain] o.h.o.c.pooling                          : HHH10001005: Database info:
	Database JDBC URL [Connecting through datasource 'HikariDataSource (HikariPool-6)']
	Database driver: undefined/unknown
	Database version: 21.3
	Autocommit mode: undefined/unknown
	Isolation level: undefined/unknown
	Minimum pool size: undefined/unknown
	Maximum pool size: undefined/unknown
[2025-04-11 14:51:55.133]  INFO 36336 --- [  restartedMain] o.h.e.t.j.p.i.JtaPlatformInitiator       : HHH000489: No JTA platform available (set 'hibernate.transaction.jta.platform' to enable JTA platform integration)
[2025-04-11 14:51:55.134]  INFO 36336 --- [  restartedMain] j.LocalContainerEntityManagerFactoryBean : Initialized JPA EntityManagerFactory for persistence unit 'default'
[2025-04-11 14:51:55.183]  WARN 36336 --- [  restartedMain] JpaBaseConfiguration$JpaWebConfiguration : spring.jpa.open-in-view is enabled by default. Therefore, database queries may be performed during view rendering. Explicitly configure spring.jpa.open-in-view to disable this warning
[2025-04-11 14:51:55.187]  WARN 36336 --- [  restartedMain] .s.s.UserDetailsServiceAutoConfiguration : 

Using generated security password: 218eca8b-cb23-43e1-9b9a-e834bbb63755

This generated password is for development use only. Your security configuration must be updated before running your application in production.

[2025-04-11 14:51:55.188]  INFO 36336 --- [  restartedMain] r$InitializeUserDetailsManagerConfigurer : Global AuthenticationManager configured with UserDetailsService bean with name inMemoryUserDetailsManager
[2025-04-11 14:51:55.260]  INFO 36336 --- [  restartedMain] o.s.b.d.a.OptionalLiveReloadServer       : LiveReload server is running on port 35729
[2025-04-11 14:51:55.266]  INFO 36336 --- [  restartedMain] o.a.c.h.Http11NioProtocol                : Starting ProtocolHandler ["http-nio-80"]
[2025-04-11 14:51:55.269]  INFO 36336 --- [  restartedMain] o.s.b.w.e.t.TomcatWebServer              : Tomcat started on port 80 (http) with context path '/'
[2025-04-11 14:51:55.276]  INFO 36336 --- [  restartedMain] k.c.g.ReBoardApplication                 : Started ReBoardApplication in 0.611 seconds (process running for 372.262)
[2025-04-11 14:51:55.277]  INFO 36336 --- [  restartedMain] .ConditionEvaluationDeltaLoggingListener : Condition evaluation unchanged
