[2025-04-11 14:28:07.954]  INFO 23764 --- [   File Watcher] rtingClassPathChangeChangedEventListener : Restarting due to 1 class path change (0 additions, 0 deletions, 1 modification)
[2025-04-11 14:28:07.958]  INFO 23764 --- [     Thread-640] o.s.b.w.e.t.GracefulShutdown             : Commencing graceful shutdown. Waiting for active requests to complete
[2025-04-11 14:28:07.959]  INFO 23764 --- [tomcat-shutdown] o.a.c.h.Http11NioProtocol                : Pausing ProtocolHandler ["http-nio-80"]
[2025-04-11 14:28:08.677]  INFO 23764 --- [tomcat-shutdown] o.s.b.w.e.t.GracefulShutdown             : Graceful shutdown complete
[2025-04-11 14:28:08.677]  INFO 23764 --- [     Thread-640] o.a.c.h.Http11NioProtocol                : Stopping ProtocolHandler ["http-nio-80"]
[2025-04-11 14:28:08.679]  INFO 23764 --- [     Thread-640] j.LocalContainerEntityManagerFactoryBean : Closing JPA EntityManagerFactory for persistence unit 'default'
[2025-04-11 14:28:08.679]  INFO 23764 --- [     Thread-640] c.z.h.HikariDataSource                   : HikariPool-153 - Shutdown initiated...
[2025-04-11 14:28:08.688]  INFO 23764 --- [     Thread-640] c.z.h.HikariDataSource                   : HikariPool-153 - Shutdown completed.
[2025-04-11 14:28:08.780]  INFO 23764 --- [  restartedMain] k.c.g.ReBoardApplication                 : Starting ReBoardApplication using Java 17.0.12 with PID 23764 (C:\Users\bongo\git\ReBoard\ReBorad\bin\main started by bongo in C:\Users\bongo\git\ReBoard\ReBorad)
[2025-04-11 14:28:08.780]  INFO 23764 --- [  restartedMain] k.c.g.ReBoardApplication                 : No active profile set, falling back to 1 default profile: "default"
[2025-04-11 14:28:08.924]  INFO 23764 --- [  restartedMain] .s.d.r.c.RepositoryConfigurationDelegate : Bootstrapping Spring Data JPA repositories in DEFAULT mode.
[2025-04-11 14:28:08.945]  INFO 23764 --- [  restartedMain] .s.d.r.c.RepositoryConfigurationDelegate : Finished Spring Data repository scanning in 20 ms. Found 1 JPA repository interface.
[2025-04-11 14:28:09.007]  INFO 23764 --- [  restartedMain] o.s.b.w.e.t.TomcatWebServer              : Tomcat initialized with port 80 (http)
[2025-04-11 14:28:09.007]  INFO 23764 --- [  restartedMain] o.a.c.h.Http11NioProtocol                : Initializing ProtocolHandler ["http-nio-80"]
[2025-04-11 14:28:09.007]  INFO 23764 --- [  restartedMain] o.a.c.c.StandardService                  : Starting service [Tomcat]
[2025-04-11 14:28:09.007]  INFO 23764 --- [  restartedMain] o.a.c.c.StandardEngine                   : Starting Servlet engine: [Apache Tomcat/10.1.34]
[2025-04-11 14:28:09.026]  INFO 23764 --- [  restartedMain] o.a.c.c.C.[.[.[/]                        : Initializing Spring embedded WebApplicationContext
[2025-04-11 14:28:09.026]  INFO 23764 --- [  restartedMain] w.s.c.ServletWebServerApplicationContext : Root WebApplicationContext: initialization completed in 245 ms
[2025-04-11 14:28:09.052]  INFO 23764 --- [  restartedMain] o.h.j.i.u.LogHelper                      : HHH000204: Processing PersistenceUnitInfo [name: default]
[2025-04-11 14:28:09.054]  INFO 23764 --- [  restartedMain] o.h.c.i.RegionFactoryInitiator           : HHH000026: Second-level cache disabled
[2025-04-11 14:28:09.059]  INFO 23764 --- [  restartedMain] o.s.o.j.p.SpringPersistenceUnitInfo      : No LoadTimeWeaver setup: ignoring JPA class transformer
[2025-04-11 14:28:09.060]  INFO 23764 --- [  restartedMain] c.z.h.HikariDataSource                   : HikariPool-154 - Starting...
[2025-04-11 14:28:09.060]  WARN 23764 --- [  restartedMain] c.z.h.u.DriverDataSource                 : Registered driver with driverClassName=oracle.jdbc.driver.OracleDriver was not found, trying direct instantiation.
[2025-04-11 14:28:09.141]  INFO 23764 --- [  restartedMain] c.z.h.p.HikariPool                       : HikariPool-154 - Added connection oracle.jdbc.driver.T4CConnection@1cbac948
[2025-04-11 14:28:09.141]  INFO 23764 --- [  restartedMain] c.z.h.HikariDataSource                   : HikariPool-154 - Start completed.
[2025-04-11 14:28:09.145]  INFO 23764 --- [  restartedMain] o.h.o.c.pooling                          : HHH10001005: Database info:
	Database JDBC URL [Connecting through datasource 'HikariDataSource (HikariPool-154)']
	Database driver: undefined/unknown
	Database version: 21.3
	Autocommit mode: undefined/unknown
	Isolation level: undefined/unknown
	Minimum pool size: undefined/unknown
	Maximum pool size: undefined/unknown
[2025-04-11 14:28:09.173]  INFO 23764 --- [  restartedMain] o.h.e.t.j.p.i.JtaPlatformInitiator       : HHH000489: No JTA platform available (set 'hibernate.transaction.jta.platform' to enable JTA platform integration)
[2025-04-11 14:28:09.174]  INFO 23764 --- [  restartedMain] j.LocalContainerEntityManagerFactoryBean : Initialized JPA EntityManagerFactory for persistence unit 'default'
[2025-04-11 14:28:09.237]  WARN 23764 --- [  restartedMain] JpaBaseConfiguration$JpaWebConfiguration : spring.jpa.open-in-view is enabled by default. Therefore, database queries may be performed during view rendering. Explicitly configure spring.jpa.open-in-view to disable this warning
[2025-04-11 14:28:09.241]  WARN 23764 --- [  restartedMain] .s.s.UserDetailsServiceAutoConfiguration : 

Using generated security password: d4ce1fe8-06f4-4c0b-b854-63bb6f4e0ffc

This generated password is for development use only. Your security configuration must be updated before running your application in production.

[2025-04-11 14:28:09.242]  INFO 23764 --- [  restartedMain] r$InitializeUserDetailsManagerConfigurer : Global AuthenticationManager configured with UserDetailsService bean with name inMemoryUserDetailsManager
[2025-04-11 14:28:09.369]  INFO 23764 --- [  restartedMain] o.s.b.d.a.OptionalLiveReloadServer       : LiveReload server is running on port 35729
[2025-04-11 14:28:09.376]  INFO 23764 --- [  restartedMain] o.a.c.h.Http11NioProtocol                : Starting ProtocolHandler ["http-nio-80"]
[2025-04-11 14:28:09.381]  INFO 23764 --- [  restartedMain] o.s.b.w.e.t.TomcatWebServer              : Tomcat started on port 80 (http) with context path '/'
[2025-04-11 14:28:09.386]  INFO 23764 --- [  restartedMain] k.c.g.ReBoardApplication                 : Started ReBoardApplication in 0.639 seconds (process running for 16411.989)
[2025-04-11 14:28:09.387]  INFO 23764 --- [  restartedMain] .ConditionEvaluationDeltaLoggingListener : Condition evaluation unchanged
[2025-04-11 14:28:21.484]  INFO 23764 --- [   File Watcher] rtingClassPathChangeChangedEventListener : Restarting due to 3 class path changes (0 additions, 0 deletions, 3 modifications)
[2025-04-11 14:28:21.485]  INFO 23764 --- [     Thread-644] o.s.b.w.e.t.GracefulShutdown             : Commencing graceful shutdown. Waiting for active requests to complete
[2025-04-11 14:28:21.485]  INFO 23764 --- [tomcat-shutdown] o.a.c.h.Http11NioProtocol                : Pausing ProtocolHandler ["http-nio-80"]
[2025-04-11 14:28:22.196]  INFO 23764 --- [tomcat-shutdown] o.s.b.w.e.t.GracefulShutdown             : Graceful shutdown complete
[2025-04-11 14:28:22.197]  INFO 23764 --- [     Thread-644] o.a.c.h.Http11NioProtocol                : Stopping ProtocolHandler ["http-nio-80"]
[2025-04-11 14:28:22.198]  INFO 23764 --- [     Thread-644] j.LocalContainerEntityManagerFactoryBean : Closing JPA EntityManagerFactory for persistence unit 'default'
[2025-04-11 14:28:22.199]  INFO 23764 --- [     Thread-644] c.z.h.HikariDataSource                   : HikariPool-154 - Shutdown initiated...
[2025-04-11 14:28:22.207]  INFO 23764 --- [     Thread-644] c.z.h.HikariDataSource                   : HikariPool-154 - Shutdown completed.
[2025-04-11 14:28:22.309]  INFO 23764 --- [  restartedMain] k.c.g.ReBoardApplication                 : Starting ReBoardApplication using Java 17.0.12 with PID 23764 (C:\Users\bongo\git\ReBoard\ReBorad\bin\main started by bongo in C:\Users\bongo\git\ReBoard\ReBorad)
[2025-04-11 14:28:22.310]  INFO 23764 --- [  restartedMain] k.c.g.ReBoardApplication                 : No active profile set, falling back to 1 default profile: "default"
[2025-04-11 14:28:22.470]  INFO 23764 --- [  restartedMain] .s.d.r.c.RepositoryConfigurationDelegate : Bootstrapping Spring Data JPA repositories in DEFAULT mode.
[2025-04-11 14:28:22.497]  INFO 23764 --- [  restartedMain] .s.d.r.c.RepositoryConfigurationDelegate : Finished Spring Data repository scanning in 25 ms. Found 1 JPA repository interface.
[2025-04-11 14:28:22.562]  INFO 23764 --- [  restartedMain] o.s.b.w.e.t.TomcatWebServer              : Tomcat initialized with port 80 (http)
[2025-04-11 14:28:22.563]  INFO 23764 --- [  restartedMain] o.a.c.h.Http11NioProtocol                : Initializing ProtocolHandler ["http-nio-80"]
[2025-04-11 14:28:22.563]  INFO 23764 --- [  restartedMain] o.a.c.c.StandardService                  : Starting service [Tomcat]
[2025-04-11 14:28:22.563]  INFO 23764 --- [  restartedMain] o.a.c.c.StandardEngine                   : Starting Servlet engine: [Apache Tomcat/10.1.34]
[2025-04-11 14:28:22.583]  INFO 23764 --- [  restartedMain] o.a.c.c.C.[.[.[/]                        : Initializing Spring embedded WebApplicationContext
[2025-04-11 14:28:22.583]  INFO 23764 --- [  restartedMain] w.s.c.ServletWebServerApplicationContext : Root WebApplicationContext: initialization completed in 272 ms
[2025-04-11 14:28:22.610]  INFO 23764 --- [  restartedMain] o.h.j.i.u.LogHelper                      : HHH000204: Processing PersistenceUnitInfo [name: default]
[2025-04-11 14:28:22.612]  INFO 23764 --- [  restartedMain] o.h.c.i.RegionFactoryInitiator           : HHH000026: Second-level cache disabled
[2025-04-11 14:28:22.617]  INFO 23764 --- [  restartedMain] o.s.o.j.p.SpringPersistenceUnitInfo      : No LoadTimeWeaver setup: ignoring JPA class transformer
[2025-04-11 14:28:22.618]  INFO 23764 --- [  restartedMain] c.z.h.HikariDataSource                   : HikariPool-155 - Starting...
[2025-04-11 14:28:22.618]  WARN 23764 --- [  restartedMain] c.z.h.u.DriverDataSource                 : Registered driver with driverClassName=oracle.jdbc.driver.OracleDriver was not found, trying direct instantiation.
[2025-04-11 14:28:22.703]  INFO 23764 --- [  restartedMain] c.z.h.p.HikariPool                       : HikariPool-155 - Added connection oracle.jdbc.driver.T4CConnection@6c792989
[2025-04-11 14:28:22.703]  INFO 23764 --- [  restartedMain] c.z.h.HikariDataSource                   : HikariPool-155 - Start completed.
[2025-04-11 14:28:22.707]  INFO 23764 --- [  restartedMain] o.h.o.c.pooling                          : HHH10001005: Database info:
	Database JDBC URL [Connecting through datasource 'HikariDataSource (HikariPool-155)']
	Database driver: undefined/unknown
	Database version: 21.3
	Autocommit mode: undefined/unknown
	Isolation level: undefined/unknown
	Minimum pool size: undefined/unknown
	Maximum pool size: undefined/unknown
[2025-04-11 14:28:22.732]  INFO 23764 --- [  restartedMain] o.h.e.t.j.p.i.JtaPlatformInitiator       : HHH000489: No JTA platform available (set 'hibernate.transaction.jta.platform' to enable JTA platform integration)
[2025-04-11 14:28:22.732]  INFO 23764 --- [  restartedMain] j.LocalContainerEntityManagerFactoryBean : Initialized JPA EntityManagerFactory for persistence unit 'default'
[2025-04-11 14:28:22.779]  WARN 23764 --- [  restartedMain] JpaBaseConfiguration$JpaWebConfiguration : spring.jpa.open-in-view is enabled by default. Therefore, database queries may be performed during view rendering. Explicitly configure spring.jpa.open-in-view to disable this warning
[2025-04-11 14:28:22.784]  WARN 23764 --- [  restartedMain] .s.s.UserDetailsServiceAutoConfiguration : 

Using generated security password: 756b1883-d5f3-441a-b3f5-27c5fdd9472e

This generated password is for development use only. Your security configuration must be updated before running your application in production.

[2025-04-11 14:28:22.784]  INFO 23764 --- [  restartedMain] r$InitializeUserDetailsManagerConfigurer : Global AuthenticationManager configured with UserDetailsService bean with name inMemoryUserDetailsManager
[2025-04-11 14:28:22.867]  INFO 23764 --- [  restartedMain] o.s.b.d.a.OptionalLiveReloadServer       : LiveReload server is running on port 35729
[2025-04-11 14:28:22.876]  INFO 23764 --- [  restartedMain] o.a.c.h.Http11NioProtocol                : Starting ProtocolHandler ["http-nio-80"]
[2025-04-11 14:28:22.882]  INFO 23764 --- [  restartedMain] o.s.b.w.e.t.TomcatWebServer              : Tomcat started on port 80 (http) with context path '/'
[2025-04-11 14:28:22.890]  INFO 23764 --- [  restartedMain] k.c.g.ReBoardApplication                 : Started ReBoardApplication in 0.618 seconds (process running for 16425.493)
[2025-04-11 14:28:22.892]  INFO 23764 --- [  restartedMain] .ConditionEvaluationDeltaLoggingListener : Condition evaluation unchanged
[2025-04-11 14:28:30.966]  INFO 23764 --- [   File Watcher] rtingClassPathChangeChangedEventListener : Restarting due to 3 class path changes (0 additions, 0 deletions, 3 modifications)
[2025-04-11 14:28:30.968]  INFO 23764 --- [     Thread-648] o.s.b.w.e.t.GracefulShutdown             : Commencing graceful shutdown. Waiting for active requests to complete
[2025-04-11 14:28:30.968]  INFO 23764 --- [tomcat-shutdown] o.a.c.h.Http11NioProtocol                : Pausing ProtocolHandler ["http-nio-80"]
[2025-04-11 14:28:31.693]  INFO 23764 --- [tomcat-shutdown] o.s.b.w.e.t.GracefulShutdown             : Graceful shutdown complete
[2025-04-11 14:28:31.694]  INFO 23764 --- [     Thread-648] o.a.c.h.Http11NioProtocol                : Stopping ProtocolHandler ["http-nio-80"]
[2025-04-11 14:28:31.695]  INFO 23764 --- [     Thread-648] j.LocalContainerEntityManagerFactoryBean : Closing JPA EntityManagerFactory for persistence unit 'default'
[2025-04-11 14:28:31.695]  INFO 23764 --- [     Thread-648] c.z.h.HikariDataSource                   : HikariPool-155 - Shutdown initiated...
[2025-04-11 14:28:31.703]  INFO 23764 --- [     Thread-648] c.z.h.HikariDataSource                   : HikariPool-155 - Shutdown completed.
[2025-04-11 14:28:31.791]  INFO 23764 --- [  restartedMain] k.c.g.ReBoardApplication                 : Starting ReBoardApplication using Java 17.0.12 with PID 23764 (C:\Users\bongo\git\ReBoard\ReBorad\bin\main started by bongo in C:\Users\bongo\git\ReBoard\ReBorad)
[2025-04-11 14:28:31.791]  INFO 23764 --- [  restartedMain] k.c.g.ReBoardApplication                 : No active profile set, falling back to 1 default profile: "default"
[2025-04-11 14:28:31.950]  INFO 23764 --- [  restartedMain] .s.d.r.c.RepositoryConfigurationDelegate : Bootstrapping Spring Data JPA repositories in DEFAULT mode.
[2025-04-11 14:28:31.976]  INFO 23764 --- [  restartedMain] .s.d.r.c.RepositoryConfigurationDelegate : Finished Spring Data repository scanning in 26 ms. Found 1 JPA repository interface.
[2025-04-11 14:28:32.038]  INFO 23764 --- [  restartedMain] o.s.b.w.e.t.TomcatWebServer              : Tomcat initialized with port 80 (http)
[2025-04-11 14:28:32.039]  INFO 23764 --- [  restartedMain] o.a.c.h.Http11NioProtocol                : Initializing ProtocolHandler ["http-nio-80"]
[2025-04-11 14:28:32.039]  INFO 23764 --- [  restartedMain] o.a.c.c.StandardService                  : Starting service [Tomcat]
[2025-04-11 14:28:32.039]  INFO 23764 --- [  restartedMain] o.a.c.c.StandardEngine                   : Starting Servlet engine: [Apache Tomcat/10.1.34]
[2025-04-11 14:28:32.065]  INFO 23764 --- [  restartedMain] o.a.c.c.C.[.[.[/]                        : Initializing Spring embedded WebApplicationContext
[2025-04-11 14:28:32.065]  INFO 23764 --- [  restartedMain] w.s.c.ServletWebServerApplicationContext : Root WebApplicationContext: initialization completed in 273 ms
[2025-04-11 14:28:32.092]  INFO 23764 --- [  restartedMain] o.h.j.i.u.LogHelper                      : HHH000204: Processing PersistenceUnitInfo [name: default]
[2025-04-11 14:28:32.093]  INFO 23764 --- [  restartedMain] o.h.c.i.RegionFactoryInitiator           : HHH000026: Second-level cache disabled
[2025-04-11 14:28:32.098]  INFO 23764 --- [  restartedMain] o.s.o.j.p.SpringPersistenceUnitInfo      : No LoadTimeWeaver setup: ignoring JPA class transformer
[2025-04-11 14:28:32.099]  INFO 23764 --- [  restartedMain] c.z.h.HikariDataSource                   : HikariPool-156 - Starting...
[2025-04-11 14:28:32.099]  WARN 23764 --- [  restartedMain] c.z.h.u.DriverDataSource                 : Registered driver with driverClassName=oracle.jdbc.driver.OracleDriver was not found, trying direct instantiation.
[2025-04-11 14:28:32.192]  INFO 23764 --- [  restartedMain] c.z.h.p.HikariPool                       : HikariPool-156 - Added connection oracle.jdbc.driver.T4CConnection@2f43374
[2025-04-11 14:28:32.193]  INFO 23764 --- [  restartedMain] c.z.h.HikariDataSource                   : HikariPool-156 - Start completed.
[2025-04-11 14:28:32.197]  INFO 23764 --- [  restartedMain] o.h.o.c.pooling                          : HHH10001005: Database info:
	Database JDBC URL [Connecting through datasource 'HikariDataSource (HikariPool-156)']
	Database driver: undefined/unknown
	Database version: 21.3
	Autocommit mode: undefined/unknown
	Isolation level: undefined/unknown
	Minimum pool size: undefined/unknown
	Maximum pool size: undefined/unknown
[2025-04-11 14:28:32.224]  INFO 23764 --- [  restartedMain] o.h.e.t.j.p.i.JtaPlatformInitiator       : HHH000489: No JTA platform available (set 'hibernate.transaction.jta.platform' to enable JTA platform integration)
[2025-04-11 14:28:32.224]  INFO 23764 --- [  restartedMain] j.LocalContainerEntityManagerFactoryBean : Initialized JPA EntityManagerFactory for persistence unit 'default'
[2025-04-11 14:28:32.282]  WARN 23764 --- [  restartedMain] JpaBaseConfiguration$JpaWebConfiguration : spring.jpa.open-in-view is enabled by default. Therefore, database queries may be performed during view rendering. Explicitly configure spring.jpa.open-in-view to disable this warning
[2025-04-11 14:28:32.286]  WARN 23764 --- [  restartedMain] .s.s.UserDetailsServiceAutoConfiguration : 

Using generated security password: b2f9a10e-0b45-43c4-9191-e7eb9057fb2f

This generated password is for development use only. Your security configuration must be updated before running your application in production.

[2025-04-11 14:28:32.287]  INFO 23764 --- [  restartedMain] r$InitializeUserDetailsManagerConfigurer : Global AuthenticationManager configured with UserDetailsService bean with name inMemoryUserDetailsManager
[2025-04-11 14:28:32.360]  INFO 23764 --- [  restartedMain] o.s.b.d.a.OptionalLiveReloadServer       : LiveReload server is running on port 35729
[2025-04-11 14:28:32.366]  INFO 23764 --- [  restartedMain] o.a.c.h.Http11NioProtocol                : Starting ProtocolHandler ["http-nio-80"]
[2025-04-11 14:28:32.368]  INFO 23764 --- [  restartedMain] o.s.b.w.e.t.TomcatWebServer              : Tomcat started on port 80 (http) with context path '/'
[2025-04-11 14:28:32.373]  INFO 23764 --- [  restartedMain] k.c.g.ReBoardApplication                 : Started ReBoardApplication in 0.612 seconds (process running for 16434.977)
[2025-04-11 14:28:32.374]  INFO 23764 --- [  restartedMain] .ConditionEvaluationDeltaLoggingListener : Condition evaluation unchanged
[2025-04-11 14:28:45.271]  INFO 23764 --- [   File Watcher] rtingClassPathChangeChangedEventListener : Restarting due to 1 class path change (0 additions, 0 deletions, 1 modification)
[2025-04-11 14:28:45.272]  INFO 23764 --- [     Thread-652] o.s.b.w.e.t.GracefulShutdown             : Commencing graceful shutdown. Waiting for active requests to complete
[2025-04-11 14:28:45.272]  INFO 23764 --- [tomcat-shutdown] o.a.c.h.Http11NioProtocol                : Pausing ProtocolHandler ["http-nio-80"]
[2025-04-11 14:28:46.021]  INFO 23764 --- [tomcat-shutdown] o.s.b.w.e.t.GracefulShutdown             : Graceful shutdown complete
[2025-04-11 14:28:46.022]  INFO 23764 --- [     Thread-652] o.a.c.h.Http11NioProtocol                : Stopping ProtocolHandler ["http-nio-80"]
[2025-04-11 14:28:46.024]  INFO 23764 --- [     Thread-652] j.LocalContainerEntityManagerFactoryBean : Closing JPA EntityManagerFactory for persistence unit 'default'
[2025-04-11 14:28:46.024]  INFO 23764 --- [     Thread-652] c.z.h.HikariDataSource                   : HikariPool-156 - Shutdown initiated...
[2025-04-11 14:28:46.032]  INFO 23764 --- [     Thread-652] c.z.h.HikariDataSource                   : HikariPool-156 - Shutdown completed.
[2025-04-11 14:28:46.118]  INFO 23764 --- [  restartedMain] k.c.g.ReBoardApplication                 : Starting ReBoardApplication using Java 17.0.12 with PID 23764 (C:\Users\bongo\git\ReBoard\ReBorad\bin\main started by bongo in C:\Users\bongo\git\ReBoard\ReBorad)
[2025-04-11 14:28:46.118]  INFO 23764 --- [  restartedMain] k.c.g.ReBoardApplication                 : No active profile set, falling back to 1 default profile: "default"
[2025-04-11 14:28:46.291]  INFO 23764 --- [  restartedMain] .s.d.r.c.RepositoryConfigurationDelegate : Bootstrapping Spring Data JPA repositories in DEFAULT mode.
[2025-04-11 14:28:46.323]  INFO 23764 --- [  restartedMain] .s.d.r.c.RepositoryConfigurationDelegate : Finished Spring Data repository scanning in 29 ms. Found 1 JPA repository interface.
[2025-04-11 14:28:46.393]  INFO 23764 --- [  restartedMain] o.s.b.w.e.t.TomcatWebServer              : Tomcat initialized with port 80 (http)
[2025-04-11 14:28:46.393]  INFO 23764 --- [  restartedMain] o.a.c.h.Http11NioProtocol                : Initializing ProtocolHandler ["http-nio-80"]
[2025-04-11 14:28:46.393]  INFO 23764 --- [  restartedMain] o.a.c.c.StandardService                  : Starting service [Tomcat]
[2025-04-11 14:28:46.393]  INFO 23764 --- [  restartedMain] o.a.c.c.StandardEngine                   : Starting Servlet engine: [Apache Tomcat/10.1.34]
[2025-04-11 14:28:46.409]  INFO 23764 --- [  restartedMain] o.a.c.c.C.[.[.[/]                        : Initializing Spring embedded WebApplicationContext
[2025-04-11 14:28:46.410]  INFO 23764 --- [  restartedMain] w.s.c.ServletWebServerApplicationContext : Root WebApplicationContext: initialization completed in 291 ms
[2025-04-11 14:28:46.436]  INFO 23764 --- [  restartedMain] o.h.j.i.u.LogHelper                      : HHH000204: Processing PersistenceUnitInfo [name: default]
[2025-04-11 14:28:46.438]  INFO 23764 --- [  restartedMain] o.h.c.i.RegionFactoryInitiator           : HHH000026: Second-level cache disabled
[2025-04-11 14:28:46.443]  INFO 23764 --- [  restartedMain] o.s.o.j.p.SpringPersistenceUnitInfo      : No LoadTimeWeaver setup: ignoring JPA class transformer
[2025-04-11 14:28:46.444]  INFO 23764 --- [  restartedMain] c.z.h.HikariDataSource                   : HikariPool-157 - Starting...
[2025-04-11 14:28:46.444]  WARN 23764 --- [  restartedMain] c.z.h.u.DriverDataSource                 : Registered driver with driverClassName=oracle.jdbc.driver.OracleDriver was not found, trying direct instantiation.
[2025-04-11 14:28:46.519]  INFO 23764 --- [  restartedMain] c.z.h.p.HikariPool                       : HikariPool-157 - Added connection oracle.jdbc.driver.T4CConnection@6c656081
[2025-04-11 14:28:46.519]  INFO 23764 --- [  restartedMain] c.z.h.HikariDataSource                   : HikariPool-157 - Start completed.
[2025-04-11 14:28:46.522]  INFO 23764 --- [  restartedMain] o.h.o.c.pooling                          : HHH10001005: Database info:
	Database JDBC URL [Connecting through datasource 'HikariDataSource (HikariPool-157)']
	Database driver: undefined/unknown
	Database version: 21.3
	Autocommit mode: undefined/unknown
	Isolation level: undefined/unknown
	Minimum pool size: undefined/unknown
	Maximum pool size: undefined/unknown
[2025-04-11 14:28:46.547]  INFO 23764 --- [  restartedMain] o.h.e.t.j.p.i.JtaPlatformInitiator       : HHH000489: No JTA platform available (set 'hibernate.transaction.jta.platform' to enable JTA platform integration)
[2025-04-11 14:28:46.547]  INFO 23764 --- [  restartedMain] j.LocalContainerEntityManagerFactoryBean : Initialized JPA EntityManagerFactory for persistence unit 'default'
[2025-04-11 14:28:46.591]  WARN 23764 --- [  restartedMain] JpaBaseConfiguration$JpaWebConfiguration : spring.jpa.open-in-view is enabled by default. Therefore, database queries may be performed during view rendering. Explicitly configure spring.jpa.open-in-view to disable this warning
[2025-04-11 14:28:46.595]  WARN 23764 --- [  restartedMain] .s.s.UserDetailsServiceAutoConfiguration : 

Using generated security password: 6e742a8c-2b08-4b36-953e-21afb81ef851

This generated password is for development use only. Your security configuration must be updated before running your application in production.

[2025-04-11 14:28:46.596]  INFO 23764 --- [  restartedMain] r$InitializeUserDetailsManagerConfigurer : Global AuthenticationManager configured with UserDetailsService bean with name inMemoryUserDetailsManager
[2025-04-11 14:28:46.667]  INFO 23764 --- [  restartedMain] o.s.b.d.a.OptionalLiveReloadServer       : LiveReload server is running on port 35729
[2025-04-11 14:28:46.672]  INFO 23764 --- [  restartedMain] o.a.c.h.Http11NioProtocol                : Starting ProtocolHandler ["http-nio-80"]
[2025-04-11 14:28:46.675]  INFO 23764 --- [  restartedMain] o.s.b.w.e.t.TomcatWebServer              : Tomcat started on port 80 (http) with context path '/'
[2025-04-11 14:28:46.678]  INFO 23764 --- [  restartedMain] k.c.g.ReBoardApplication                 : Started ReBoardApplication in 0.587 seconds (process running for 16449.282)
[2025-04-11 14:28:46.679]  INFO 23764 --- [  restartedMain] .ConditionEvaluationDeltaLoggingListener : Condition evaluation unchanged
